
*** Running vivado
    with args -log sistema_complessivo.vds -m64 -product Vivado -mode batch -messageDb vivado.pb -notrace -source sistema_complessivo.tcl


****** Vivado v2020.2 (64-bit)
  **** SW Build 3064766 on Wed Nov 18 09:12:47 MST 2020
  **** IP Build 3064653 on Wed Nov 18 14:17:31 MST 2020
    ** Copyright 1986-2020 Xilinx, Inc. All Rights Reserved.

source sistema_complessivo.tcl -notrace
Command: synth_design -top sistema_complessivo -part xc7a50ticsg324-1L
Starting synth_design
Attempting to get a license for feature 'Synthesis' and/or device 'xc7a50ti'
INFO: [Common 17-349] Got license for feature 'Synthesis' and/or device 'xc7a50ti'
INFO: [Device 21-403] Loading part xc7a50ticsg324-1L
INFO: [Synth 8-7079] Multithreading enabled for synth_design using a maximum of 4 processes.
INFO: [Synth 8-7078] Launching helper process for spawning children vivado processes
INFO: [Synth 8-7075] Helper process launched with PID 12618
---------------------------------------------------------------------------------
Starting RTL Elaboration : Time (s): cpu = 00:00:03 ; elapsed = 00:00:04 . Memory (MB): peak = 2591.785 ; gain = 220.719 ; free physical = 7475 ; free virtual = 27097
---------------------------------------------------------------------------------
INFO: [Synth 8-638] synthesizing module 'sistema_complessivo' [/home/anto/Scrivania/P-ASDi/Esercizio5/esercizio5v_c.srcs/sources_1/new/sistema_complessivo.vhd:45]
INFO: [Synth 8-3491] module 'sistema_contatori' declared at '/home/anto/Scrivania/P-ASDi/Esercizio5/esercizio5v_c.srcs/sources_1/new/sistema_contatori.vhd:36' bound to instance 'sis_contatori' of component 'sistema_cont' [/home/anto/Scrivania/P-ASDi/Esercizio5/esercizio5v_c.srcs/sources_1/new/sistema_complessivo.vhd:82]
INFO: [Synth 8-638] synthesizing module 'sistema_contatori' [/home/anto/Scrivania/P-ASDi/Esercizio5/esercizio5v_c.srcs/sources_1/new/sistema_contatori.vhd:44]
INFO: [Synth 8-3491] module 'wait_block' declared at '/home/anto/Scrivania/P-ASDi/Esercizio5/esercizio5v_c.srcs/sources_1/new/wait_block.vhd:34' bound to instance 'wait_b' of component 'wait_block' [/home/anto/Scrivania/P-ASDi/Esercizio5/esercizio5v_c.srcs/sources_1/new/sistema_contatori.vhd:71]
INFO: [Synth 8-638] synthesizing module 'wait_block' [/home/anto/Scrivania/P-ASDi/Esercizio5/esercizio5v_c.srcs/sources_1/new/wait_block.vhd:40]
INFO: [Synth 8-256] done synthesizing module 'wait_block' (1#1) [/home/anto/Scrivania/P-ASDi/Esercizio5/esercizio5v_c.srcs/sources_1/new/wait_block.vhd:40]
INFO: [Synth 8-3491] module 'and_block' declared at '/home/anto/Scrivania/P-ASDi/Esercizio5/esercizio5v_c.srcs/sources_1/new/and_block.vhd:34' bound to instance 'and_b' of component 'and_block' [/home/anto/Scrivania/P-ASDi/Esercizio5/esercizio5v_c.srcs/sources_1/new/sistema_contatori.vhd:72]
INFO: [Synth 8-638] synthesizing module 'and_block' [/home/anto/Scrivania/P-ASDi/Esercizio5/esercizio5v_c.srcs/sources_1/new/and_block.vhd:40]
INFO: [Synth 8-256] done synthesizing module 'and_block' (2#1) [/home/anto/Scrivania/P-ASDi/Esercizio5/esercizio5v_c.srcs/sources_1/new/and_block.vhd:40]
	Parameter N bound to: 100000000 - type: integer 
INFO: [Synth 8-3491] module 'contatore' declared at '/home/anto/Scrivania/P-ASDi/Esercizio5/esercizio5v_c.srcs/sources_1/new/contatore.vhd:37' bound to instance 'div_frequenza' of component 'cont' [/home/anto/Scrivania/P-ASDi/Esercizio5/esercizio5v_c.srcs/sources_1/new/sistema_contatori.vhd:73]
INFO: [Synth 8-638] synthesizing module 'contatore' [/home/anto/Scrivania/P-ASDi/Esercizio5/esercizio5v_c.srcs/sources_1/new/contatore.vhd:48]
	Parameter N bound to: 100000000 - type: integer 
INFO: [Synth 8-256] done synthesizing module 'contatore' (3#1) [/home/anto/Scrivania/P-ASDi/Esercizio5/esercizio5v_c.srcs/sources_1/new/contatore.vhd:48]
	Parameter N bound to: 60 - type: integer 
INFO: [Synth 8-3491] module 'contatore' declared at '/home/anto/Scrivania/P-ASDi/Esercizio5/esercizio5v_c.srcs/sources_1/new/contatore.vhd:37' bound to instance 'cont_secondi' of component 'cont' [/home/anto/Scrivania/P-ASDi/Esercizio5/esercizio5v_c.srcs/sources_1/new/sistema_contatori.vhd:75]
INFO: [Synth 8-638] synthesizing module 'contatore__parameterized0' [/home/anto/Scrivania/P-ASDi/Esercizio5/esercizio5v_c.srcs/sources_1/new/contatore.vhd:48]
	Parameter N bound to: 60 - type: integer 
INFO: [Synth 8-256] done synthesizing module 'contatore__parameterized0' (3#1) [/home/anto/Scrivania/P-ASDi/Esercizio5/esercizio5v_c.srcs/sources_1/new/contatore.vhd:48]
	Parameter N bound to: 60 - type: integer 
INFO: [Synth 8-3491] module 'contatore' declared at '/home/anto/Scrivania/P-ASDi/Esercizio5/esercizio5v_c.srcs/sources_1/new/contatore.vhd:37' bound to instance 'cont_minuti' of component 'cont' [/home/anto/Scrivania/P-ASDi/Esercizio5/esercizio5v_c.srcs/sources_1/new/sistema_contatori.vhd:77]
	Parameter N bound to: 24 - type: integer 
INFO: [Synth 8-3491] module 'contatore' declared at '/home/anto/Scrivania/P-ASDi/Esercizio5/esercizio5v_c.srcs/sources_1/new/contatore.vhd:37' bound to instance 'cont_ore' of component 'cont' [/home/anto/Scrivania/P-ASDi/Esercizio5/esercizio5v_c.srcs/sources_1/new/sistema_contatori.vhd:79]
INFO: [Synth 8-638] synthesizing module 'contatore__parameterized1' [/home/anto/Scrivania/P-ASDi/Esercizio5/esercizio5v_c.srcs/sources_1/new/contatore.vhd:48]
	Parameter N bound to: 24 - type: integer 
INFO: [Synth 8-256] done synthesizing module 'contatore__parameterized1' (3#1) [/home/anto/Scrivania/P-ASDi/Esercizio5/esercizio5v_c.srcs/sources_1/new/contatore.vhd:48]
INFO: [Synth 8-256] done synthesizing module 'sistema_contatori' (4#1) [/home/anto/Scrivania/P-ASDi/Esercizio5/esercizio5v_c.srcs/sources_1/new/sistema_contatori.vhd:44]
INFO: [Synth 8-3491] module 'gestore_set' declared at '/home/anto/Scrivania/P-ASDi/Esercizio5/esercizio5v_c.srcs/sources_1/new/gestore_set.vhd:34' bound to instance 'g_set' of component 'gestore_set' [/home/anto/Scrivania/P-ASDi/Esercizio5/esercizio5v_c.srcs/sources_1/new/sistema_complessivo.vhd:83]
INFO: [Synth 8-638] synthesizing module 'gestore_set' [/home/anto/Scrivania/P-ASDi/Esercizio5/esercizio5v_c.srcs/sources_1/new/gestore_set.vhd:50]
INFO: [Synth 8-256] done synthesizing module 'gestore_set' (5#1) [/home/anto/Scrivania/P-ASDi/Esercizio5/esercizio5v_c.srcs/sources_1/new/gestore_set.vhd:50]
INFO: [Synth 8-3491] module 'debouncer' declared at '/home/anto/Scrivania/P-ASDi/Esercizio5/esercizio5v_c.srcs/sources_1/new/debouncer.vhd:34' bound to instance 'deb_set' of component 'debouncer' [/home/anto/Scrivania/P-ASDi/Esercizio5/esercizio5v_c.srcs/sources_1/new/sistema_complessivo.vhd:84]
INFO: [Synth 8-638] synthesizing module 'debouncer' [/home/anto/Scrivania/P-ASDi/Esercizio5/esercizio5v_c.srcs/sources_1/new/debouncer.vhd:45]
	Parameter CLK_period bound to: 10 - type: integer 
	Parameter button_noise_time bound to: 6500000 - type: integer 
INFO: [Synth 8-226] default block is never used [/home/anto/Scrivania/P-ASDi/Esercizio5/esercizio5v_c.srcs/sources_1/new/debouncer.vhd:57]
INFO: [Synth 8-256] done synthesizing module 'debouncer' (6#1) [/home/anto/Scrivania/P-ASDi/Esercizio5/esercizio5v_c.srcs/sources_1/new/debouncer.vhd:45]
INFO: [Synth 8-3491] module 'debouncer' declared at '/home/anto/Scrivania/P-ASDi/Esercizio5/esercizio5v_c.srcs/sources_1/new/debouncer.vhd:34' bound to instance 'deb_reset' of component 'debouncer' [/home/anto/Scrivania/P-ASDi/Esercizio5/esercizio5v_c.srcs/sources_1/new/sistema_complessivo.vhd:85]
INFO: [Synth 8-3491] module 'conv_per_display' declared at '/home/anto/Scrivania/P-ASDi/Esercizio5/esercizio5v_c.srcs/sources_1/new/conv_bit_integer.vhd:34' bound to instance 'convert' of component 'conv' [/home/anto/Scrivania/P-ASDi/Esercizio5/esercizio5v_c.srcs/sources_1/new/sistema_complessivo.vhd:86]
INFO: [Synth 8-638] synthesizing module 'conv_per_display' [/home/anto/Scrivania/P-ASDi/Esercizio5/esercizio5v_c.srcs/sources_1/new/conv_bit_integer.vhd:38]
INFO: [Synth 8-256] done synthesizing module 'conv_per_display' (7#1) [/home/anto/Scrivania/P-ASDi/Esercizio5/esercizio5v_c.srcs/sources_1/new/conv_bit_integer.vhd:38]
INFO: [Synth 8-3491] module 'display_seven_segments' declared at '/home/anto/Scrivania/P-ASDi/Esercizio5/esercizio5v_c.srcs/sources_1/imports/Display7Seg - Vivado/display_seven_segments.vhd:32' bound to instance 'display_ss' of component 'display' [/home/anto/Scrivania/P-ASDi/Esercizio5/esercizio5v_c.srcs/sources_1/new/sistema_complessivo.vhd:87]
INFO: [Synth 8-638] synthesizing module 'display_seven_segments' [/home/anto/Scrivania/P-ASDi/Esercizio5/esercizio5v_c.srcs/sources_1/imports/Display7Seg - Vivado/display_seven_segments.vhd:46]
	Parameter CLKIN_freq bound to: 100000000 - type: integer 
	Parameter CLKOUT_freq bound to: 500 - type: integer 
	Parameter CLKIN_freq bound to: 100000000 - type: integer 
	Parameter CLKOUT_freq bound to: 500 - type: integer 
INFO: [Synth 8-3491] module 'clock_filter' declared at '/home/anto/Scrivania/P-ASDi/Esercizio5/esercizio5v_c.srcs/sources_1/imports/Display7Seg - Vivado/clock_filter.vhd:32' bound to instance 'clk_filter' of component 'clock_filter' [/home/anto/Scrivania/P-ASDi/Esercizio5/esercizio5v_c.srcs/sources_1/imports/Display7Seg - Vivado/display_seven_segments.vhd:94]
INFO: [Synth 8-638] synthesizing module 'clock_filter' [/home/anto/Scrivania/P-ASDi/Esercizio5/esercizio5v_c.srcs/sources_1/imports/Display7Seg - Vivado/clock_filter.vhd:44]
	Parameter CLKIN_freq bound to: 100000000 - type: integer 
	Parameter CLKOUT_freq bound to: 500 - type: integer 
INFO: [Synth 8-256] done synthesizing module 'clock_filter' (8#1) [/home/anto/Scrivania/P-ASDi/Esercizio5/esercizio5v_c.srcs/sources_1/imports/Display7Seg - Vivado/clock_filter.vhd:44]
INFO: [Synth 8-3491] module 'counter_mod8' declared at '/home/anto/Scrivania/P-ASDi/Esercizio5/esercizio5v_c.srcs/sources_1/imports/Display7Seg - Vivado/counter_mod4.vhd:34' bound to instance 'counter_instance' of component 'counter_mod8' [/home/anto/Scrivania/P-ASDi/Esercizio5/esercizio5v_c.srcs/sources_1/imports/Display7Seg - Vivado/display_seven_segments.vhd:104]
INFO: [Synth 8-638] synthesizing module 'counter_mod8' [/home/anto/Scrivania/P-ASDi/Esercizio5/esercizio5v_c.srcs/sources_1/imports/Display7Seg - Vivado/counter_mod4.vhd:41]
INFO: [Synth 8-256] done synthesizing module 'counter_mod8' (9#1) [/home/anto/Scrivania/P-ASDi/Esercizio5/esercizio5v_c.srcs/sources_1/imports/Display7Seg - Vivado/counter_mod4.vhd:41]
INFO: [Synth 8-3491] module 'cathodes_manager' declared at '/home/anto/Scrivania/P-ASDi/Esercizio5/esercizio5v_c.srcs/sources_1/imports/Display7Seg - Vivado/cathodes_manager.vhd:32' bound to instance 'cathodes_instance' of component 'cathodes_manager' [/home/anto/Scrivania/P-ASDi/Esercizio5/esercizio5v_c.srcs/sources_1/imports/Display7Seg - Vivado/display_seven_segments.vhd:112]
INFO: [Synth 8-638] synthesizing module 'cathodes_manager' [/home/anto/Scrivania/P-ASDi/Esercizio5/esercizio5v_c.srcs/sources_1/imports/Display7Seg - Vivado/cathodes_manager.vhd:39]
INFO: [Synth 8-226] default block is never used [/home/anto/Scrivania/P-ASDi/Esercizio5/esercizio5v_c.srcs/sources_1/imports/Display7Seg - Vivado/cathodes_manager.vhd:78]
WARNING: [Synth 8-614] signal 'value' is read in the process but is not in the sensitivity list [/home/anto/Scrivania/P-ASDi/Esercizio5/esercizio5v_c.srcs/sources_1/imports/Display7Seg - Vivado/cathodes_manager.vhd:75]
WARNING: [Synth 8-614] signal 'dots' is read in the process but is not in the sensitivity list [/home/anto/Scrivania/P-ASDi/Esercizio5/esercizio5v_c.srcs/sources_1/imports/Display7Seg - Vivado/cathodes_manager.vhd:75]
INFO: [Synth 8-226] default block is never used [/home/anto/Scrivania/P-ASDi/Esercizio5/esercizio5v_c.srcs/sources_1/imports/Display7Seg - Vivado/cathodes_manager.vhd:111]
INFO: [Synth 8-256] done synthesizing module 'cathodes_manager' (10#1) [/home/anto/Scrivania/P-ASDi/Esercizio5/esercizio5v_c.srcs/sources_1/imports/Display7Seg - Vivado/cathodes_manager.vhd:39]
INFO: [Synth 8-3491] module 'anodes_manager' declared at '/home/anto/Scrivania/P-ASDi/Esercizio5/esercizio5v_c.srcs/sources_1/imports/Display7Seg - Vivado/anodes_manager.vhd:32' bound to instance 'anodes_instance' of component 'anodes_manager' [/home/anto/Scrivania/P-ASDi/Esercizio5/esercizio5v_c.srcs/sources_1/imports/Display7Seg - Vivado/display_seven_segments.vhd:119]
INFO: [Synth 8-638] synthesizing module 'anodes_manager' [/home/anto/Scrivania/P-ASDi/Esercizio5/esercizio5v_c.srcs/sources_1/imports/Display7Seg - Vivado/anodes_manager.vhd:39]
INFO: [Synth 8-226] default block is never used [/home/anto/Scrivania/P-ASDi/Esercizio5/esercizio5v_c.srcs/sources_1/imports/Display7Seg - Vivado/anodes_manager.vhd:51]
INFO: [Synth 8-256] done synthesizing module 'anodes_manager' (11#1) [/home/anto/Scrivania/P-ASDi/Esercizio5/esercizio5v_c.srcs/sources_1/imports/Display7Seg - Vivado/anodes_manager.vhd:39]
INFO: [Synth 8-256] done synthesizing module 'display_seven_segments' (12#1) [/home/anto/Scrivania/P-ASDi/Esercizio5/esercizio5v_c.srcs/sources_1/imports/Display7Seg - Vivado/display_seven_segments.vhd:46]
INFO: [Synth 8-3491] module 'debouncer' declared at '/home/anto/Scrivania/P-ASDi/Esercizio5/esercizio5v_c.srcs/sources_1/new/debouncer.vhd:34' bound to instance 'deb_modo' of component 'debouncer' [/home/anto/Scrivania/P-ASDi/Esercizio5/esercizio5v_c.srcs/sources_1/new/sistema_complessivo.vhd:89]
INFO: [Synth 8-3491] module 'debouncer' declared at '/home/anto/Scrivania/P-ASDi/Esercizio5/esercizio5v_c.srcs/sources_1/new/debouncer.vhd:34' bound to instance 'deb_read' of component 'debouncer' [/home/anto/Scrivania/P-ASDi/Esercizio5/esercizio5v_c.srcs/sources_1/new/sistema_complessivo.vhd:90]
INFO: [Synth 8-3491] module 'debouncer' declared at '/home/anto/Scrivania/P-ASDi/Esercizio5/esercizio5v_c.srcs/sources_1/new/debouncer.vhd:34' bound to instance 'deb_write' of component 'debouncer' [/home/anto/Scrivania/P-ASDi/Esercizio5/esercizio5v_c.srcs/sources_1/new/sistema_complessivo.vhd:91]
INFO: [Synth 8-3491] module 'gestore_modo' declared at '/home/anto/Scrivania/P-ASDi/Esercizio5/esercizio5v_c.srcs/sources_1/new/gestore_modo.vhd:34' bound to instance 'gmodo' of component 'gestore_modo' [/home/anto/Scrivania/P-ASDi/Esercizio5/esercizio5v_c.srcs/sources_1/new/sistema_complessivo.vhd:92]
INFO: [Synth 8-638] synthesizing module 'gestore_modo' [/home/anto/Scrivania/P-ASDi/Esercizio5/esercizio5v_c.srcs/sources_1/new/gestore_modo.vhd:43]
INFO: [Synth 8-256] done synthesizing module 'gestore_modo' (13#1) [/home/anto/Scrivania/P-ASDi/Esercizio5/esercizio5v_c.srcs/sources_1/new/gestore_modo.vhd:43]
	Parameter N bound to: 4 - type: integer 
INFO: [Synth 8-3491] module 'memoria' declared at '/home/anto/Scrivania/P-ASDi/Esercizio5/esercizio5v_c.srcs/sources_1/new/memoria.vhd:34' bound to instance 'mem' of component 'memoria' [/home/anto/Scrivania/P-ASDi/Esercizio5/esercizio5v_c.srcs/sources_1/new/sistema_complessivo.vhd:93]
INFO: [Synth 8-638] synthesizing module 'memoria' [/home/anto/Scrivania/P-ASDi/Esercizio5/esercizio5v_c.srcs/sources_1/new/memoria.vhd:44]
	Parameter N bound to: 4 - type: integer 
INFO: [Synth 8-256] done synthesizing module 'memoria' (14#1) [/home/anto/Scrivania/P-ASDi/Esercizio5/esercizio5v_c.srcs/sources_1/new/memoria.vhd:44]
INFO: [Synth 8-256] done synthesizing module 'sistema_complessivo' (15#1) [/home/anto/Scrivania/P-ASDi/Esercizio5/esercizio5v_c.srcs/sources_1/new/sistema_complessivo.vhd:45]
---------------------------------------------------------------------------------
Finished RTL Elaboration : Time (s): cpu = 00:00:04 ; elapsed = 00:00:05 . Memory (MB): peak = 2635.723 ; gain = 264.656 ; free physical = 8181 ; free virtual = 27811
---------------------------------------------------------------------------------
---------------------------------------------------------------------------------
Start Handling Custom Attributes
---------------------------------------------------------------------------------
---------------------------------------------------------------------------------
Finished Handling Custom Attributes : Time (s): cpu = 00:00:05 ; elapsed = 00:00:05 . Memory (MB): peak = 2650.566 ; gain = 279.500 ; free physical = 8216 ; free virtual = 27847
---------------------------------------------------------------------------------
---------------------------------------------------------------------------------
Finished RTL Optimization Phase 1 : Time (s): cpu = 00:00:05 ; elapsed = 00:00:05 . Memory (MB): peak = 2650.566 ; gain = 279.500 ; free physical = 8216 ; free virtual = 27847
---------------------------------------------------------------------------------
Netlist sorting complete. Time (s): cpu = 00:00:00.01 ; elapsed = 00:00:00.01 . Memory (MB): peak = 2650.566 ; gain = 0.000 ; free physical = 8213 ; free virtual = 27844
INFO: [Project 1-570] Preparing netlist for logic optimization

Processing XDC Constraints
Initializing timing engine
Parsing XDC File [/home/anto/Scrivania/P-ASDi/Esercizio5/esercizio5v_c.srcs/constrs_1/imports/davide_420/Nexys-A7-50T-Master.xdc]
Finished Parsing XDC File [/home/anto/Scrivania/P-ASDi/Esercizio5/esercizio5v_c.srcs/constrs_1/imports/davide_420/Nexys-A7-50T-Master.xdc]
INFO: [Project 1-236] Implementation specific constraints were found while reading constraint file [/home/anto/Scrivania/P-ASDi/Esercizio5/esercizio5v_c.srcs/constrs_1/imports/davide_420/Nexys-A7-50T-Master.xdc]. These constraints will be ignored for synthesis but will be used in implementation. Impacted constraints are listed in the file [.Xil/sistema_complessivo_propImpl.xdc].
Resolution: To avoid this warning, move constraints listed in [.Xil/sistema_complessivo_propImpl.xdc] to another XDC file and exclude this new file from synthesis with the used_in_synthesis property (File Properties dialog in GUI) and re-run elaboration/synthesis.
Completed Processing XDC Constraints

Netlist sorting complete. Time (s): cpu = 00:00:00 ; elapsed = 00:00:00 . Memory (MB): peak = 2820.316 ; gain = 0.000 ; free physical = 8107 ; free virtual = 27752
INFO: [Project 1-111] Unisim Transformation Summary:
No Unisim elements were transformed.

Constraint Validation Runtime : Time (s): cpu = 00:00:00.01 ; elapsed = 00:00:00 . Memory (MB): peak = 2820.316 ; gain = 0.000 ; free physical = 8107 ; free virtual = 27752
---------------------------------------------------------------------------------
Finished Constraint Validation : Time (s): cpu = 00:00:09 ; elapsed = 00:00:10 . Memory (MB): peak = 2820.316 ; gain = 449.250 ; free physical = 8169 ; free virtual = 27814
---------------------------------------------------------------------------------
---------------------------------------------------------------------------------
Start Loading Part and Timing Information
---------------------------------------------------------------------------------
Loading part: xc7a50ticsg324-1L
---------------------------------------------------------------------------------
Finished Loading Part and Timing Information : Time (s): cpu = 00:00:09 ; elapsed = 00:00:10 . Memory (MB): peak = 2820.316 ; gain = 449.250 ; free physical = 8168 ; free virtual = 27814
---------------------------------------------------------------------------------
---------------------------------------------------------------------------------
Start Applying 'set_property' XDC Constraints
---------------------------------------------------------------------------------
---------------------------------------------------------------------------------
Finished applying 'set_property' XDC Constraints : Time (s): cpu = 00:00:09 ; elapsed = 00:00:10 . Memory (MB): peak = 2820.316 ; gain = 449.250 ; free physical = 8168 ; free virtual = 27814
---------------------------------------------------------------------------------
---------------------------------------------------------------------------------
Finished RTL Optimization Phase 2 : Time (s): cpu = 00:00:10 ; elapsed = 00:00:11 . Memory (MB): peak = 2820.316 ; gain = 449.250 ; free physical = 8156 ; free virtual = 27805
---------------------------------------------------------------------------------
---------------------------------------------------------------------------------
Start RTL Component Statistics 
---------------------------------------------------------------------------------
Detailed RTL Component Info : 
+---Adders : 
	   2 Input   32 Bit       Adders := 5     
	   2 Input   31 Bit       Adders := 3     
	   2 Input   27 Bit       Adders := 1     
	   2 Input   18 Bit       Adders := 1     
	   3 Input    7 Bit       Adders := 2     
	   2 Input    6 Bit       Adders := 2     
	   3 Input    6 Bit       Adders := 1     
	   2 Input    5 Bit       Adders := 1     
	   2 Input    4 Bit       Adders := 3     
	   2 Input    3 Bit       Adders := 1     
	   2 Input    2 Bit       Adders := 3     
+---Registers : 
	               32 Bit    Registers := 11    
	               27 Bit    Registers := 1     
	               18 Bit    Registers := 1     
	               17 Bit    Registers := 1     
	                6 Bit    Registers := 2     
	                5 Bit    Registers := 1     
	                3 Bit    Registers := 2     
	                2 Bit    Registers := 3     
	                1 Bit    Registers := 19    
+---Muxes : 
	   2 Input   32 Bit        Muxes := 6     
	   4 Input   32 Bit        Muxes := 1     
	   2 Input   31 Bit        Muxes := 3     
	   2 Input   27 Bit        Muxes := 2     
	   2 Input   18 Bit        Muxes := 1     
	   2 Input   17 Bit        Muxes := 5     
	   4 Input   17 Bit        Muxes := 1     
	   3 Input   17 Bit        Muxes := 1     
	   2 Input   11 Bit        Muxes := 1     
	   8 Input    8 Bit        Muxes := 1     
	   2 Input    6 Bit        Muxes := 4     
	   2 Input    5 Bit        Muxes := 4     
	   2 Input    4 Bit        Muxes := 3     
	   6 Input    3 Bit        Muxes := 1     
	   7 Input    3 Bit        Muxes := 1     
	   4 Input    2 Bit        Muxes := 1     
	   2 Input    1 Bit        Muxes := 45    
---------------------------------------------------------------------------------
Finished RTL Component Statistics 
---------------------------------------------------------------------------------
---------------------------------------------------------------------------------
Start Part Resource Summary
---------------------------------------------------------------------------------
Part Resources:
DSPs: 120 (col length:60)
BRAMs: 150 (col length: RAMB18 60 RAMB36 30)
---------------------------------------------------------------------------------
Finished Part Resource Summary
---------------------------------------------------------------------------------
---------------------------------------------------------------------------------
Start Cross Boundary and Area Optimization
---------------------------------------------------------------------------------
---------------------------------------------------------------------------------
Finished Cross Boundary and Area Optimization : Time (s): cpu = 00:00:18 ; elapsed = 00:00:19 . Memory (MB): peak = 2820.316 ; gain = 449.250 ; free physical = 7776 ; free virtual = 27436
---------------------------------------------------------------------------------
---------------------------------------------------------------------------------
Start Applying XDC Timing Constraints
---------------------------------------------------------------------------------
---------------------------------------------------------------------------------
Finished Applying XDC Timing Constraints : Time (s): cpu = 00:00:23 ; elapsed = 00:00:25 . Memory (MB): peak = 2820.316 ; gain = 449.250 ; free physical = 7506 ; free virtual = 27174
---------------------------------------------------------------------------------
---------------------------------------------------------------------------------
Start Timing Optimization
---------------------------------------------------------------------------------
---------------------------------------------------------------------------------
Finished Timing Optimization : Time (s): cpu = 00:00:28 ; elapsed = 00:00:30 . Memory (MB): peak = 2820.316 ; gain = 449.250 ; free physical = 7401 ; free virtual = 27072
---------------------------------------------------------------------------------
---------------------------------------------------------------------------------
Start Technology Mapping
---------------------------------------------------------------------------------
---------------------------------------------------------------------------------
Finished Technology Mapping : Time (s): cpu = 00:00:29 ; elapsed = 00:00:31 . Memory (MB): peak = 2820.316 ; gain = 449.250 ; free physical = 7398 ; free virtual = 27069
---------------------------------------------------------------------------------
---------------------------------------------------------------------------------
Start IO Insertion
---------------------------------------------------------------------------------
---------------------------------------------------------------------------------
Start Flattening Before IO Insertion
---------------------------------------------------------------------------------
---------------------------------------------------------------------------------
Finished Flattening Before IO Insertion
---------------------------------------------------------------------------------
---------------------------------------------------------------------------------
Start Final Netlist Cleanup
---------------------------------------------------------------------------------
---------------------------------------------------------------------------------
Finished Final Netlist Cleanup
---------------------------------------------------------------------------------
---------------------------------------------------------------------------------
Finished IO Insertion : Time (s): cpu = 00:00:31 ; elapsed = 00:00:33 . Memory (MB): peak = 2820.316 ; gain = 449.250 ; free physical = 7396 ; free virtual = 27067
---------------------------------------------------------------------------------
---------------------------------------------------------------------------------
Start Renaming Generated Instances
---------------------------------------------------------------------------------
---------------------------------------------------------------------------------
Finished Renaming Generated Instances : Time (s): cpu = 00:00:31 ; elapsed = 00:00:33 . Memory (MB): peak = 2820.316 ; gain = 449.250 ; free physical = 7396 ; free virtual = 27067
---------------------------------------------------------------------------------
---------------------------------------------------------------------------------
Start Rebuilding User Hierarchy
---------------------------------------------------------------------------------
---------------------------------------------------------------------------------
Finished Rebuilding User Hierarchy : Time (s): cpu = 00:00:31 ; elapsed = 00:00:33 . Memory (MB): peak = 2820.316 ; gain = 449.250 ; free physical = 7395 ; free virtual = 27067
---------------------------------------------------------------------------------
---------------------------------------------------------------------------------
Start Renaming Generated Ports
---------------------------------------------------------------------------------
---------------------------------------------------------------------------------
Finished Renaming Generated Ports : Time (s): cpu = 00:00:31 ; elapsed = 00:00:33 . Memory (MB): peak = 2820.316 ; gain = 449.250 ; free physical = 7395 ; free virtual = 27067
---------------------------------------------------------------------------------
---------------------------------------------------------------------------------
Start Handling Custom Attributes
---------------------------------------------------------------------------------
---------------------------------------------------------------------------------
Finished Handling Custom Attributes : Time (s): cpu = 00:00:31 ; elapsed = 00:00:33 . Memory (MB): peak = 2820.316 ; gain = 449.250 ; free physical = 7395 ; free virtual = 27067
---------------------------------------------------------------------------------
---------------------------------------------------------------------------------
Start Renaming Generated Nets
---------------------------------------------------------------------------------
---------------------------------------------------------------------------------
Finished Renaming Generated Nets : Time (s): cpu = 00:00:31 ; elapsed = 00:00:33 . Memory (MB): peak = 2820.316 ; gain = 449.250 ; free physical = 7395 ; free virtual = 27067
---------------------------------------------------------------------------------
---------------------------------------------------------------------------------
Start Writing Synthesis Report
---------------------------------------------------------------------------------

Report BlackBoxes: 
+-+--------------+----------+
| |BlackBox name |Instances |
+-+--------------+----------+
+-+--------------+----------+

Report Cell Usage: 
+------+-------+------+
|      |Cell   |Count |
+------+-------+------+
|1     |BUFG   |     1|
|2     |CARRY4 |   212|
|3     |LUT1   |    13|
|4     |LUT2   |   235|
|5     |LUT3   |   103|
|6     |LUT4   |   165|
|7     |LUT5   |   251|
|8     |LUT6   |   256|
|9     |FDRE   |   413|
|10    |IBUF   |    12|
|11    |OBUF   |    19|
+------+-------+------+
---------------------------------------------------------------------------------
Finished Writing Synthesis Report : Time (s): cpu = 00:00:31 ; elapsed = 00:00:33 . Memory (MB): peak = 2820.316 ; gain = 449.250 ; free physical = 7395 ; free virtual = 27067
---------------------------------------------------------------------------------
Synthesis finished with 0 errors, 0 critical warnings and 0 warnings.
Synthesis Optimization Runtime : Time (s): cpu = 00:00:30 ; elapsed = 00:00:32 . Memory (MB): peak = 2820.316 ; gain = 279.500 ; free physical = 7452 ; free virtual = 27123
Synthesis Optimization Complete : Time (s): cpu = 00:00:31 ; elapsed = 00:00:33 . Memory (MB): peak = 2820.316 ; gain = 449.250 ; free physical = 7452 ; free virtual = 27123
INFO: [Project 1-571] Translating synthesized netlist
Netlist sorting complete. Time (s): cpu = 00:00:00.02 ; elapsed = 00:00:00.02 . Memory (MB): peak = 2820.316 ; gain = 0.000 ; free physical = 7525 ; free virtual = 27199
INFO: [Netlist 29-17] Analyzing 212 Unisim elements for replacement
INFO: [Netlist 29-28] Unisim Transformation completed in 0 CPU seconds
INFO: [Project 1-570] Preparing netlist for logic optimization
INFO: [Opt 31-138] Pushed 0 inverter(s) to 0 load pin(s).
Netlist sorting complete. Time (s): cpu = 00:00:00 ; elapsed = 00:00:00 . Memory (MB): peak = 2836.324 ; gain = 0.000 ; free physical = 7482 ; free virtual = 27156
INFO: [Project 1-111] Unisim Transformation Summary:
No Unisim elements were transformed.

INFO: [Common 17-83] Releasing license: Synthesis
74 Infos, 2 Warnings, 0 Critical Warnings and 0 Errors encountered.
synth_design completed successfully
synth_design: Time (s): cpu = 00:00:40 ; elapsed = 00:00:38 . Memory (MB): peak = 2836.324 ; gain = 478.133 ; free physical = 7631 ; free virtual = 27305
INFO: [Common 17-1381] The checkpoint '/home/anto/Scrivania/P-ASDi/Esercizio5/esercizio5v_c.runs/synth_1/sistema_complessivo.dcp' has been generated.
INFO: [runtcl-4] Executing : report_utilization -file sistema_complessivo_utilization_synth.rpt -pb sistema_complessivo_utilization_synth.pb
INFO: [Common 17-206] Exiting Vivado at Tue Jan 25 11:17:22 2022...
