
*** Running vivado
    with args -log rete_16_4.vds -m64 -product Vivado -mode batch -messageDb vivado.pb -notrace -source rete_16_4.tcl


****** Vivado v2020.2 (64-bit)
  **** SW Build 3064766 on Wed Nov 18 09:12:47 MST 2020
  **** IP Build 3064653 on Wed Nov 18 14:17:31 MST 2020
    ** Copyright 1986-2020 Xilinx, Inc. All Rights Reserved.

source rete_16_4.tcl -notrace
Command: synth_design -top rete_16_4 -part xc7a50ticsg324-1L
Starting synth_design
Attempting to get a license for feature 'Synthesis' and/or device 'xc7a50ti'
INFO: [Common 17-349] Got license for feature 'Synthesis' and/or device 'xc7a50ti'
INFO: [Device 21-403] Loading part xc7a50ticsg324-1L
INFO: [Synth 8-7079] Multithreading enabled for synth_design using a maximum of 4 processes.
INFO: [Synth 8-7078] Launching helper process for spawning children vivado processes
INFO: [Synth 8-7075] Helper process launched with PID 45059
---------------------------------------------------------------------------------
Starting RTL Elaboration : Time (s): cpu = 00:00:03 ; elapsed = 00:00:04 . Memory (MB): peak = 2358.355 ; gain = 0.000 ; free physical = 5814 ; free virtual = 27464
---------------------------------------------------------------------------------
INFO: [Synth 8-638] synthesizing module 'rete_16_4' [/home/anto/Scrivania/P-ASDi/Esercizio1/Esercizio1.srcs/sources_1/new/rete_16_4.vhd:40]
INFO: [Synth 8-3491] module 'mux_16_1' declared at '/home/anto/Scrivania/P-ASDi/Esercizio1/Esercizio1.srcs/sources_1/new/mux_16_1.vhd:34' bound to instance 'mux' of component 'mux_16_1' [/home/anto/Scrivania/P-ASDi/Esercizio1/Esercizio1.srcs/sources_1/new/rete_16_4.vhd:53]
INFO: [Synth 8-638] synthesizing module 'mux_16_1' [/home/anto/Scrivania/P-ASDi/Esercizio1/Esercizio1.srcs/sources_1/new/mux_16_1.vhd:40]
INFO: [Synth 8-3491] module 'mux_4_1' declared at '/home/anto/Scrivania/P-ASDi/Esercizio1/Esercizio1.srcs/sources_1/new/mux_4_1.vhd:34' bound to instance 'm' of component 'mux_4_1' [/home/anto/Scrivania/P-ASDi/Esercizio1/Esercizio1.srcs/sources_1/new/mux_16_1.vhd:46]
INFO: [Synth 8-638] synthesizing module 'mux_4_1' [/home/anto/Scrivania/P-ASDi/Esercizio1/Esercizio1.srcs/sources_1/new/mux_4_1.vhd:40]
INFO: [Synth 8-256] done synthesizing module 'mux_4_1' (1#1) [/home/anto/Scrivania/P-ASDi/Esercizio1/Esercizio1.srcs/sources_1/new/mux_4_1.vhd:40]
INFO: [Synth 8-3491] module 'mux_4_1' declared at '/home/anto/Scrivania/P-ASDi/Esercizio1/Esercizio1.srcs/sources_1/new/mux_4_1.vhd:34' bound to instance 'm' of component 'mux_4_1' [/home/anto/Scrivania/P-ASDi/Esercizio1/Esercizio1.srcs/sources_1/new/mux_16_1.vhd:46]
INFO: [Synth 8-3491] module 'mux_4_1' declared at '/home/anto/Scrivania/P-ASDi/Esercizio1/Esercizio1.srcs/sources_1/new/mux_4_1.vhd:34' bound to instance 'm' of component 'mux_4_1' [/home/anto/Scrivania/P-ASDi/Esercizio1/Esercizio1.srcs/sources_1/new/mux_16_1.vhd:46]
INFO: [Synth 8-3491] module 'mux_4_1' declared at '/home/anto/Scrivania/P-ASDi/Esercizio1/Esercizio1.srcs/sources_1/new/mux_4_1.vhd:34' bound to instance 'm' of component 'mux_4_1' [/home/anto/Scrivania/P-ASDi/Esercizio1/Esercizio1.srcs/sources_1/new/mux_16_1.vhd:46]
INFO: [Synth 8-3491] module 'mux_4_1' declared at '/home/anto/Scrivania/P-ASDi/Esercizio1/Esercizio1.srcs/sources_1/new/mux_4_1.vhd:34' bound to instance 'mux_4_1_fin' of component 'mux_4_1' [/home/anto/Scrivania/P-ASDi/Esercizio1/Esercizio1.srcs/sources_1/new/mux_16_1.vhd:54]
INFO: [Synth 8-256] done synthesizing module 'mux_16_1' (2#1) [/home/anto/Scrivania/P-ASDi/Esercizio1/Esercizio1.srcs/sources_1/new/mux_16_1.vhd:40]
INFO: [Synth 8-3491] module 'demux_4_1' declared at '/home/anto/Scrivania/P-ASDi/Esercizio1/Esercizio1.srcs/sources_1/new/demux_4_1.vhd:34' bound to instance 'demux' of component 'demux_4_1' [/home/anto/Scrivania/P-ASDi/Esercizio1/Esercizio1.srcs/sources_1/new/rete_16_4.vhd:59]
INFO: [Synth 8-638] synthesizing module 'demux_4_1' [/home/anto/Scrivania/P-ASDi/Esercizio1/Esercizio1.srcs/sources_1/new/demux_4_1.vhd:40]
INFO: [Synth 8-256] done synthesizing module 'demux_4_1' (3#1) [/home/anto/Scrivania/P-ASDi/Esercizio1/Esercizio1.srcs/sources_1/new/demux_4_1.vhd:40]
INFO: [Synth 8-256] done synthesizing module 'rete_16_4' (4#1) [/home/anto/Scrivania/P-ASDi/Esercizio1/Esercizio1.srcs/sources_1/new/rete_16_4.vhd:40]
---------------------------------------------------------------------------------
Finished RTL Elaboration : Time (s): cpu = 00:00:04 ; elapsed = 00:00:05 . Memory (MB): peak = 2358.355 ; gain = 0.000 ; free physical = 6525 ; free virtual = 28176
---------------------------------------------------------------------------------
---------------------------------------------------------------------------------
Start Handling Custom Attributes
---------------------------------------------------------------------------------
---------------------------------------------------------------------------------
Finished Handling Custom Attributes : Time (s): cpu = 00:00:05 ; elapsed = 00:00:05 . Memory (MB): peak = 2358.355 ; gain = 0.000 ; free physical = 6546 ; free virtual = 28197
---------------------------------------------------------------------------------
---------------------------------------------------------------------------------
Finished RTL Optimization Phase 1 : Time (s): cpu = 00:00:05 ; elapsed = 00:00:05 . Memory (MB): peak = 2358.355 ; gain = 0.000 ; free physical = 6546 ; free virtual = 28197
---------------------------------------------------------------------------------
Netlist sorting complete. Time (s): cpu = 00:00:00 ; elapsed = 00:00:00 . Memory (MB): peak = 2358.355 ; gain = 0.000 ; free physical = 6541 ; free virtual = 28192
INFO: [Project 1-570] Preparing netlist for logic optimization

Processing XDC Constraints
Initializing timing engine
Parsing XDC File [/home/anto/Scrivania/P-ASDi/Esercizio1/Esercizio1.srcs/constrs_1/imports/Scrivania/Nexys-A7-50T-Master.xdc]
Finished Parsing XDC File [/home/anto/Scrivania/P-ASDi/Esercizio1/Esercizio1.srcs/constrs_1/imports/Scrivania/Nexys-A7-50T-Master.xdc]
INFO: [Project 1-236] Implementation specific constraints were found while reading constraint file [/home/anto/Scrivania/P-ASDi/Esercizio1/Esercizio1.srcs/constrs_1/imports/Scrivania/Nexys-A7-50T-Master.xdc]. These constraints will be ignored for synthesis but will be used in implementation. Impacted constraints are listed in the file [.Xil/rete_16_4_propImpl.xdc].
Resolution: To avoid this warning, move constraints listed in [.Xil/rete_16_4_propImpl.xdc] to another XDC file and exclude this new file from synthesis with the used_in_synthesis property (File Properties dialog in GUI) and re-run elaboration/synthesis.
Completed Processing XDC Constraints

Netlist sorting complete. Time (s): cpu = 00:00:00 ; elapsed = 00:00:00 . Memory (MB): peak = 2463.035 ; gain = 0.000 ; free physical = 6494 ; free virtual = 28162
INFO: [Project 1-111] Unisim Transformation Summary:
No Unisim elements were transformed.

Constraint Validation Runtime : Time (s): cpu = 00:00:00 ; elapsed = 00:00:00.01 . Memory (MB): peak = 2463.035 ; gain = 0.000 ; free physical = 6494 ; free virtual = 28162
---------------------------------------------------------------------------------
Finished Constraint Validation : Time (s): cpu = 00:00:09 ; elapsed = 00:00:11 . Memory (MB): peak = 2463.035 ; gain = 104.680 ; free physical = 6545 ; free virtual = 28210
---------------------------------------------------------------------------------
---------------------------------------------------------------------------------
Start Loading Part and Timing Information
---------------------------------------------------------------------------------
Loading part: xc7a50ticsg324-1L
---------------------------------------------------------------------------------
Finished Loading Part and Timing Information : Time (s): cpu = 00:00:09 ; elapsed = 00:00:11 . Memory (MB): peak = 2463.035 ; gain = 104.680 ; free physical = 6545 ; free virtual = 28210
---------------------------------------------------------------------------------
---------------------------------------------------------------------------------
Start Applying 'set_property' XDC Constraints
---------------------------------------------------------------------------------
---------------------------------------------------------------------------------
Finished applying 'set_property' XDC Constraints : Time (s): cpu = 00:00:09 ; elapsed = 00:00:11 . Memory (MB): peak = 2463.035 ; gain = 104.680 ; free physical = 6548 ; free virtual = 28213
---------------------------------------------------------------------------------
---------------------------------------------------------------------------------
Finished RTL Optimization Phase 2 : Time (s): cpu = 00:00:09 ; elapsed = 00:00:11 . Memory (MB): peak = 2463.035 ; gain = 104.680 ; free physical = 6544 ; free virtual = 28210
---------------------------------------------------------------------------------
---------------------------------------------------------------------------------
Start RTL Component Statistics 
---------------------------------------------------------------------------------
Detailed RTL Component Info : 
+---Muxes : 
	   4 Input    4 Bit        Muxes := 1     
	   4 Input    1 Bit        Muxes := 5     
---------------------------------------------------------------------------------
Finished RTL Component Statistics 
---------------------------------------------------------------------------------
---------------------------------------------------------------------------------
Start Part Resource Summary
---------------------------------------------------------------------------------
Part Resources:
DSPs: 120 (col length:60)
BRAMs: 150 (col length: RAMB18 60 RAMB36 30)
---------------------------------------------------------------------------------
Finished Part Resource Summary
---------------------------------------------------------------------------------
---------------------------------------------------------------------------------
Start Cross Boundary and Area Optimization
---------------------------------------------------------------------------------
---------------------------------------------------------------------------------
Finished Cross Boundary and Area Optimization : Time (s): cpu = 00:00:10 ; elapsed = 00:00:11 . Memory (MB): peak = 2463.035 ; gain = 104.680 ; free physical = 6524 ; free virtual = 28193
---------------------------------------------------------------------------------
---------------------------------------------------------------------------------
Start Applying XDC Timing Constraints
---------------------------------------------------------------------------------
---------------------------------------------------------------------------------
Finished Applying XDC Timing Constraints : Time (s): cpu = 00:00:14 ; elapsed = 00:00:16 . Memory (MB): peak = 2463.035 ; gain = 104.680 ; free physical = 6596 ; free virtual = 28240
---------------------------------------------------------------------------------
---------------------------------------------------------------------------------
Start Timing Optimization
---------------------------------------------------------------------------------
---------------------------------------------------------------------------------
Finished Timing Optimization : Time (s): cpu = 00:00:14 ; elapsed = 00:00:16 . Memory (MB): peak = 2463.035 ; gain = 104.680 ; free physical = 6596 ; free virtual = 28240
---------------------------------------------------------------------------------
---------------------------------------------------------------------------------
Start Technology Mapping
---------------------------------------------------------------------------------
---------------------------------------------------------------------------------
Finished Technology Mapping : Time (s): cpu = 00:00:14 ; elapsed = 00:00:16 . Memory (MB): peak = 2463.035 ; gain = 104.680 ; free physical = 6588 ; free virtual = 28232
---------------------------------------------------------------------------------
---------------------------------------------------------------------------------
Start IO Insertion
---------------------------------------------------------------------------------
---------------------------------------------------------------------------------
Start Flattening Before IO Insertion
---------------------------------------------------------------------------------
---------------------------------------------------------------------------------
Finished Flattening Before IO Insertion
---------------------------------------------------------------------------------
---------------------------------------------------------------------------------
Start Final Netlist Cleanup
---------------------------------------------------------------------------------
---------------------------------------------------------------------------------
Finished Final Netlist Cleanup
---------------------------------------------------------------------------------
---------------------------------------------------------------------------------
Finished IO Insertion : Time (s): cpu = 00:00:17 ; elapsed = 00:00:19 . Memory (MB): peak = 2463.035 ; gain = 104.680 ; free physical = 6588 ; free virtual = 28232
---------------------------------------------------------------------------------
---------------------------------------------------------------------------------
Start Renaming Generated Instances
---------------------------------------------------------------------------------
---------------------------------------------------------------------------------
Finished Renaming Generated Instances : Time (s): cpu = 00:00:17 ; elapsed = 00:00:19 . Memory (MB): peak = 2463.035 ; gain = 104.680 ; free physical = 6588 ; free virtual = 28232
---------------------------------------------------------------------------------
---------------------------------------------------------------------------------
Start Rebuilding User Hierarchy
---------------------------------------------------------------------------------
---------------------------------------------------------------------------------
Finished Rebuilding User Hierarchy : Time (s): cpu = 00:00:17 ; elapsed = 00:00:19 . Memory (MB): peak = 2463.035 ; gain = 104.680 ; free physical = 6588 ; free virtual = 28232
---------------------------------------------------------------------------------
---------------------------------------------------------------------------------
Start Renaming Generated Ports
---------------------------------------------------------------------------------
---------------------------------------------------------------------------------
Finished Renaming Generated Ports : Time (s): cpu = 00:00:17 ; elapsed = 00:00:19 . Memory (MB): peak = 2463.035 ; gain = 104.680 ; free physical = 6588 ; free virtual = 28232
---------------------------------------------------------------------------------
---------------------------------------------------------------------------------
Start Handling Custom Attributes
---------------------------------------------------------------------------------
---------------------------------------------------------------------------------
Finished Handling Custom Attributes : Time (s): cpu = 00:00:17 ; elapsed = 00:00:19 . Memory (MB): peak = 2463.035 ; gain = 104.680 ; free physical = 6588 ; free virtual = 28232
---------------------------------------------------------------------------------
---------------------------------------------------------------------------------
Start Renaming Generated Nets
---------------------------------------------------------------------------------
---------------------------------------------------------------------------------
Finished Renaming Generated Nets : Time (s): cpu = 00:00:17 ; elapsed = 00:00:19 . Memory (MB): peak = 2463.035 ; gain = 104.680 ; free physical = 6588 ; free virtual = 28232
---------------------------------------------------------------------------------
---------------------------------------------------------------------------------
Start Writing Synthesis Report
---------------------------------------------------------------------------------

Report BlackBoxes: 
+-+--------------+----------+
| |BlackBox name |Instances |
+-+--------------+----------+
+-+--------------+----------+

Report Cell Usage: 
+------+-----+------+
|      |Cell |Count |
+------+-----+------+
|1     |LUT6 |     4|
|2     |IBUF |     6|
|3     |OBUF |     4|
+------+-----+------+
---------------------------------------------------------------------------------
Finished Writing Synthesis Report : Time (s): cpu = 00:00:17 ; elapsed = 00:00:19 . Memory (MB): peak = 2463.035 ; gain = 104.680 ; free physical = 6588 ; free virtual = 28232
---------------------------------------------------------------------------------
Synthesis finished with 0 errors, 0 critical warnings and 0 warnings.
Synthesis Optimization Runtime : Time (s): cpu = 00:00:16 ; elapsed = 00:00:17 . Memory (MB): peak = 2463.035 ; gain = 0.000 ; free physical = 6638 ; free virtual = 28282
Synthesis Optimization Complete : Time (s): cpu = 00:00:17 ; elapsed = 00:00:19 . Memory (MB): peak = 2463.035 ; gain = 104.680 ; free physical = 6638 ; free virtual = 28282
INFO: [Project 1-571] Translating synthesized netlist
Netlist sorting complete. Time (s): cpu = 00:00:00 ; elapsed = 00:00:00 . Memory (MB): peak = 2463.035 ; gain = 0.000 ; free physical = 6727 ; free virtual = 28371
INFO: [Project 1-570] Preparing netlist for logic optimization
INFO: [Opt 31-138] Pushed 0 inverter(s) to 0 load pin(s).
Netlist sorting complete. Time (s): cpu = 00:00:00 ; elapsed = 00:00:00 . Memory (MB): peak = 2463.035 ; gain = 0.000 ; free physical = 6684 ; free virtual = 28328
INFO: [Project 1-111] Unisim Transformation Summary:
No Unisim elements were transformed.

INFO: [Common 17-83] Releasing license: Synthesis
28 Infos, 0 Warnings, 0 Critical Warnings and 0 Errors encountered.
synth_design completed successfully
synth_design: Time (s): cpu = 00:00:25 ; elapsed = 00:00:22 . Memory (MB): peak = 2463.035 ; gain = 104.844 ; free physical = 6823 ; free virtual = 28467
INFO: [Common 17-1381] The checkpoint '/home/anto/Scrivania/P-ASDi/Esercizio1/Esercizio1.runs/synth_1/rete_16_4.dcp' has been generated.
INFO: [runtcl-4] Executing : report_utilization -file rete_16_4_utilization_synth.rpt -pb rete_16_4_utilization_synth.pb
INFO: [Common 17-206] Exiting Vivado at Fri Jan 21 18:08:40 2022...
