\BOOKMARK [1][-]{section.1}{\376\377\000E\000s\000e\000r\000c\000i\000z\000i\000o\000\040\0001\000\040\000-\000\040\000M\000u\000l\000t\000i\000p\000l\000e\000x\000e\000r}{}% 1
\BOOKMARK [2][-]{subsection.1.1}{\376\377\000P\000a\000r\000t\000e\000\040\0001}{section.1}% 2
\BOOKMARK [2][-]{subsection.1.2}{\376\377\000P\000a\000r\000t\000e\000\040\0002}{section.1}% 3
\BOOKMARK [2][-]{subsection.1.3}{\376\377\000P\000a\000r\000t\000e\000\040\0003}{section.1}% 4
\BOOKMARK [1][-]{section.2}{\376\377\000E\000s\000e\000r\000c\000i\000z\000i\000o\000\040\0002\000\040\000-\000\040\000E\000n\000c\000o\000d\000e\000r\000\040\000B\000C\000D}{}% 5
\BOOKMARK [2][-]{subsection.2.1}{\376\377\000T\000r\000a\000c\000c\000i\000a}{section.2}% 6
\BOOKMARK [2][-]{subsection.2.2}{\376\377\000S\000o\000l\000u\000z\000i\000o\000n\000e}{section.2}% 7
\BOOKMARK [2][-]{subsection.2.3}{\376\377\000C\000o\000d\000i\000c\000e}{section.2}% 8
\BOOKMARK [2][-]{subsection.2.4}{\376\377\000S\000i\000m\000u\000l\000a\000z\000i\000o\000n\000e}{section.2}% 9
\BOOKMARK [1][-]{section.3}{\376\377\000E\000s\000e\000r\000c\000i\000z\000i\000o\000\040\0003\000\040\000-\000\040\000R\000i\000c\000o\000n\000o\000s\000c\000i\000t\000o\000r\000e\000\040\000d\000i\000\040\000S\000e\000q\000u\000e\000n\000z\000e}{}% 10
\BOOKMARK [2][-]{subsection.3.1}{\376\377\000T\000r\000a\000c\000c\000i\000a}{section.3}% 11
\BOOKMARK [2][-]{subsection.3.2}{\376\377\000S\000o\000l\000u\000z\000i\000o\000n\000e}{section.3}% 12
\BOOKMARK [1][-]{section.4}{\376\377\000E\000s\000e\000r\000c\000i\000z\000i\000o\000\040\0004\000\040\000-\000\040\000S\000h\000i\000f\000t\000\040\000R\000e\000g\000i\000s\000t\000e\000r}{}% 13
\BOOKMARK [2][-]{subsection.4.1}{\376\377\000T\000r\000a\000c\000c\000i\000a}{section.4}% 14
\BOOKMARK [2][-]{subsection.4.2}{\376\377\000A\000p\000p\000r\000o\000c\000c\000i\000o\000\040\000c\000o\000m\000p\000o\000r\000t\000a\000m\000e\000n\000t\000a\000l\000e}{section.4}% 15
\BOOKMARK [2][-]{subsection.4.3}{\376\377\000A\000p\000p\000r\000o\000c\000c\000i\000o\000\040\000S\000t\000r\000u\000t\000t\000u\000r\000a\000l\000e}{section.4}% 16
\BOOKMARK [2][-]{subsection.4.4}{\376\377\000S\000i\000m\000u\000l\000a\000z\000i\000o\000n\000e}{section.4}% 17
\BOOKMARK [1][-]{section.5}{\376\377\000E\000s\000e\000r\000c\000i\000z\000i\000o\000\040\0005\000\040\000-\000\040\000C\000r\000o\000n\000o\000m\000e\000t\000r\000o}{}% 18
\BOOKMARK [2][-]{subsection.5.1}{\376\377\000T\000r\000a\000c\000c\000i\000a}{section.5}% 19
\BOOKMARK [2][-]{subsection.5.2}{\376\377\000S\000i\000n\000t\000e\000s\000i\000\040\000s\000u\000\040\000f\000p\000g\000a}{section.5}% 20
\BOOKMARK [1][-]{section.6}{\376\377\000E\000s\000e\000r\000c\000i\000z\000i\000o\000\040\0006\000\040\000-\000\040\000S\000i\000s\000t\000e\000m\000a\000\040\000d\000i\000\040\000T\000e\000s\000t\000i\000n\000g}{}% 21
\BOOKMARK [2][-]{subsection.6.1}{\376\377\000T\000r\000a\000c\000c\000i\000a}{section.6}% 22
\BOOKMARK [2][-]{subsection.6.2}{\376\377\000I\000m\000p\000l\000e\000m\000e\000n\000t\000a\000z\000i\000o\000n\000e}{section.6}% 23
\BOOKMARK [2][-]{subsection.6.3}{\376\377\000S\000i\000m\000u\000l\000a\000z\000i\000o\000n\000e\000\040\000e\000\040\000S\000i\000n\000t\000e\000s\000i}{section.6}% 24
\BOOKMARK [1][-]{section.7}{\376\377\000E\000s\000e\000r\000c\000i\000z\000i\000o\000\040\0007\000\040\000-\000\040\000C\000o\000m\000u\000n\000i\000c\000a\000z\000i\000o\000n\000e\000\040\000H\000a\000n\000d\000s\000h\000a\000k\000i\000n\000g}{}% 25
\BOOKMARK [2][-]{subsection.7.1}{\376\377\000I\000n\000t\000r\000o\000d\000u\000z\000i\000o\000n\000e\000\040\000a\000l\000l\000'\000h\000a\000n\000d\000s\000h\000a\000k\000i\000n\000g}{section.7}% 26
\BOOKMARK [2][-]{subsection.7.2}{\376\377\000S\000i\000s\000t\000e\000m\000a\000\040\000A}{section.7}% 27
\BOOKMARK [3][-]{subsubsection.7.2.1}{\376\377\000U\000n\000i\000t\000\340\000\040\000O\000p\000e\000r\000a\000t\000i\000v\000a\000\040\000A}{subsection.7.2}% 28
\BOOKMARK [3][-]{subsubsection.7.2.2}{\376\377\000U\000n\000i\000t\000\340\000\040\000d\000i\000\040\000C\000o\000n\000t\000r\000o\000l\000l\000o\000\040\000A}{subsection.7.2}% 29
\BOOKMARK [2][-]{subsection.7.3}{\376\377\000S\000i\000s\000t\000e\000m\000a\000\040\000B}{section.7}% 30
\BOOKMARK [3][-]{subsubsection.7.3.1}{\376\377\000U\000n\000i\000t\000a\000\040\000O\000p\000e\000r\000a\000t\000i\000v\000a\000\040\000B}{subsection.7.3}% 31
\BOOKMARK [3][-]{subsubsection.7.3.2}{\376\377\000C\000\040\000B}{subsection.7.3}% 32
\BOOKMARK [2][-]{subsection.7.4}{\376\377\000C\000o\000n\000s\000i\000d\000e\000r\000a\000z\000i\000o\000n\000i\000\040\000F\000i\000n\000a\000l\000i}{section.7}% 33
\BOOKMARK [1][-]{section.8}{\376\377\000E\000s\000e\000r\000c\000i\000z\000i\000o\000\040\0008\000\040\000-\000\040\000P\000r\000o\000c\000e\000s\000s\000o\000r}{}% 34
\BOOKMARK [2][-]{subsection.8.1}{\376\377\000I\000n\000t\000r\000o\000d\000u\000z\000i\000o\000n\000e\000\040\000a\000\040\000I\000J\000V\000M}{section.8}% 35
\BOOKMARK [2][-]{subsection.8.2}{\376\377\000U\000n\000i\000t\000\340\000\040\000O\000p\000e\000r\000a\000t\000i\000v\000a}{section.8}% 36
\BOOKMARK [2][-]{subsection.8.3}{\376\377\000U\000n\000i\000t\000\340\000\040\000d\000i\000\040\000C\000o\000n\000t\000r\000o\000l\000l\000o}{section.8}% 37
\BOOKMARK [2][-]{subsection.8.4}{\376\377\000A\000n\000a\000l\000i\000s\000i\000\040\000d\000e\000l\000l\000e\000\040\000i\000s\000t\000r\000u\000z\000i\000o\000n\000i\000\040\000I\000A\000D\000D\000\040\000e\000\040\000I\000S\000T\000O\000R\000E}{section.8}% 38
\BOOKMARK [3][-]{subsubsection.8.4.1}{\376\377\000I\000s\000t\000r\000u\000z\000i\000o\000n\000e\000\040\000I\000A\000D\000D}{subsection.8.4}% 39
\BOOKMARK [3][-]{subsubsection.8.4.2}{\376\377\000I\000s\000t\000r\000u\000z\000i\000o\000n\000e\000\040\000I\000S\000T\000O\000R\000E}{subsection.8.4}% 40
\BOOKMARK [3][-]{subsubsection.8.4.3}{\376\377\000M\000o\000d\000i\000f\000i\000c\000a\000\040\000i\000s\000t\000r\000u\000z\000i\000o\000n\000e\000\040\000I\000A\000D\000D}{subsection.8.4}% 41
\BOOKMARK [1][-]{section.9}{\376\377\000E\000s\000e\000r\000c\000i\000z\000i\000o\000\040\0009\000\040\000-\000\040\000I\000n\000t\000e\000r\000f\000a\000c\000c\000i\000a\000\040\000U\000A\000R\000T}{}% 42
\BOOKMARK [2][-]{subsection.9.1}{\376\377\000I\000n\000t\000r\000o\000d\000u\000z\000i\000o\000n\000e\000\040\000a\000l\000l\000'\000U\000A\000R\000T}{section.9}% 43
\BOOKMARK [2][-]{subsection.9.2}{\376\377\000P\000a\000r\000t\000e\000\040\0001}{section.9}% 44
\BOOKMARK [2][-]{subsection.9.3}{\376\377\000P\000a\000r\000t\000e\000\040\0002}{section.9}% 45
\BOOKMARK [3][-]{subsubsection.9.3.1}{\376\377\000S\000i\000s\000t\000e\000m\000a\000\040\000A}{subsection.9.3}% 46
\BOOKMARK [4][-]{paragraph.9.3.1.1}{\376\377\000U\000n\000i\000t\000\340\000\040\000O\000p\000e\000r\000a\000t\000i\000v\000a\000\040\000A}{subsubsection.9.3.1}% 47
\BOOKMARK [4][-]{paragraph.9.3.1.2}{\376\377\000U\000n\000i\000t\000\340\000\040\000d\000i\000\040\000C\000o\000n\000t\000r\000o\000l\000l\000o\000\040\000A}{subsubsection.9.3.1}% 48
\BOOKMARK [3][-]{subsubsection.9.3.2}{\376\377\000S\000i\000s\000t\000e\000m\000a\000\040\000B}{subsection.9.3}% 49
\BOOKMARK [4][-]{paragraph.9.3.2.1}{\376\377\000U\000n\000i\000t\000\340\000\040\000O\000p\000e\000r\000a\000t\000i\000v\000a\000\040\000B}{subsubsection.9.3.2}% 50
\BOOKMARK [4][-]{paragraph.9.3.2.2}{\376\377\000U\000n\000i\000t\000\340\000\040\000d\000i\000\040\000C\000o\000n\000t\000r\000o\000l\000l\000o\000\040\000B}{subsubsection.9.3.2}% 51
\BOOKMARK [1][-]{section.10}{\376\377\000E\000s\000e\000r\000c\000i\000z\000i\000o\000\040\0001\0000\000\040\000-\000\040\000S\000w\000i\000t\000c\000h\000\040\000M\000u\000l\000t\000i\000s\000t\000a\000d\000i\000o}{}% 52
\BOOKMARK [2][-]{subsection.10.1}{\376\377\000A\000p\000p\000r\000o\000c\000c\000i\000o\000\040\000u\000t\000i\000l\000i\000z\000z\000a\000t\000o}{section.10}% 53
\BOOKMARK [2][-]{subsection.10.2}{\376\377\000P\000a\000r\000t\000e\000\040\000O\000p\000e\000r\000a\000t\000i\000v\000a}{section.10}% 54
\BOOKMARK [2][-]{subsection.10.3}{\376\377\000P\000a\000r\000t\000e\000\040\000d\000i\000\040\000C\000o\000n\000t\000r\000o\000l\000l\000o}{section.10}% 55
\BOOKMARK [2][-]{subsection.10.4}{\376\377\000S\000i\000m\000u\000l\000a\000z\000i\000o\000n\000e}{section.10}% 56
\BOOKMARK [2][-]{subsection.10.5}{\376\377\000C\000o\000n\000s\000i\000d\000e\000r\000a\000z\000i\000o\000n\000i\000\040\000f\000i\000n\000a\000l\000i}{section.10}% 57
\BOOKMARK [1][-]{section.11}{\376\377\000E\000s\000e\000r\000c\000i\000z\000i\000o\000\040\0001\0001\000\040\000-\000\040\000D\000i\000v\000i\000s\000o\000r\000e\000\040\000R\000e\000s\000t\000o\000r\000i\000n\000g}{}% 58
\BOOKMARK [2][-]{subsection.11.1}{\376\377\000I\000n\000t\000r\000o\000d\000u\000z\000i\000o\000n\000e}{section.11}% 59
\BOOKMARK [2][-]{subsection.11.2}{\376\377\000U\000n\000i\000t\000\340\000\040\000O\000p\000e\000r\000a\000t\000i\000v\000a}{section.11}% 60
\BOOKMARK [2][-]{subsection.11.3}{\376\377\000U\000n\000i\000t\000\340\000\040\000d\000i\000\040\000C\000o\000n\000t\000r\000o\000l\000l\000o\000\040}{section.11}% 61
\BOOKMARK [2][-]{subsection.11.4}{\376\377\000S\000i\000m\000u\000l\000a\000z\000i\000o\000n\000e\000\040\000e\000\040\000S\000i\000n\000t\000e\000s\000i}{section.11}% 62
\BOOKMARK [1][-]{section.12}{\376\377\000E\000s\000e\000r\000c\000i\000z\000i\000o\000\040\0001\0002\000\040\000-\000\040\000I\000n\000t\000e\000r\000f\000a\000c\000c\000i\000a\000\040\000V\000G\000A}{}% 63
\BOOKMARK [2][-]{subsection.12.1}{\376\377\000S\000c\000e\000l\000t\000a\000\040\000p\000r\000o\000g\000e\000t\000t\000u\000a\000l\000e}{section.12}% 64
\BOOKMARK [2][-]{subsection.12.2}{\376\377\000R\000e\000a\000l\000i\000z\000z\000a\000z\000i\000o\000n\000e\000\040\000a\000u\000t\000o\000m\000a\000t\000i\000c\000a\000\040\000d\000e\000l\000l\000a\000\040\000m\000e\000m\000o\000r\000i\000a}{section.12}% 65
\BOOKMARK [2][-]{subsection.12.3}{\376\377\000P\000r\000o\000t\000o\000c\000o\000l\000l\000o\000\040\000V\000G\000A}{section.12}% 66
\BOOKMARK [2][-]{subsection.12.4}{\376\377\000M\000e\000m\000o\000r\000i\000a}{section.12}% 67
\BOOKMARK [2][-]{subsection.12.5}{\376\377\000E\000s\000e\000m\000p\000i\000\040\000d\000i\000\040\000r\000i\000s\000u\000l\000t\000a\000t\000i\000\040\000o\000t\000t\000e\000n\000u\000t\000i}{section.12}% 68
