
*** Running vivado
    with args -log sistema_complessivo.vds -m64 -product Vivado -mode batch -messageDb vivado.pb -notrace -source sistema_complessivo.tcl


****** Vivado v2020.2 (64-bit)
  **** SW Build 3064766 on Wed Nov 18 09:12:47 MST 2020
  **** IP Build 3064653 on Wed Nov 18 14:17:31 MST 2020
    ** Copyright 1986-2020 Xilinx, Inc. All Rights Reserved.

source sistema_complessivo.tcl -notrace
Command: synth_design -top sistema_complessivo -part xc7a50ticsg324-1L
Starting synth_design
Attempting to get a license for feature 'Synthesis' and/or device 'xc7a50ti'
INFO: [Common 17-349] Got license for feature 'Synthesis' and/or device 'xc7a50ti'
INFO: [Device 21-403] Loading part xc7a50ticsg324-1L
INFO: [Synth 8-7079] Multithreading enabled for synth_design using a maximum of 4 processes.
INFO: [Synth 8-7078] Launching helper process for spawning children vivado processes
INFO: [Synth 8-7075] Helper process launched with PID 60525
---------------------------------------------------------------------------------
Starting RTL Elaboration : Time (s): cpu = 00:00:03 ; elapsed = 00:00:04 . Memory (MB): peak = 2591.785 ; gain = 221.688 ; free physical = 6239 ; free virtual = 27009
---------------------------------------------------------------------------------
INFO: [Synth 8-638] synthesizing module 'sistema_complessivo' [/home/anto/Scrivania/P-ASDi/Esercizio9.2_nuovo_vs/Esercizio9.2_nuovo_vs.srcs/sources_1/new/sistema_complessivo.vhd:44]
INFO: [Synth 8-3491] module 'sistemaA' declared at '/home/anto/Scrivania/P-ASDi/Esercizio9.2_nuovo_vs/Esercizio9.2_nuovo_vs.srcs/sources_1/new/sistemaA.vhd:37' bound to instance 'sisA' of component 'sistemaA' [/home/anto/Scrivania/P-ASDi/Esercizio9.2_nuovo_vs/Esercizio9.2_nuovo_vs.srcs/sources_1/new/sistema_complessivo.vhd:75]
INFO: [Synth 8-638] synthesizing module 'sistemaA' [/home/anto/Scrivania/P-ASDi/Esercizio9.2_nuovo_vs/Esercizio9.2_nuovo_vs.srcs/sources_1/new/sistemaA.vhd:48]
	Parameter N bound to: 2 - type: integer 
	Parameter BAUD_DIVIDE_G bound to: 2 - type: integer 
	Parameter BAUD_RATE_G bound to: 32 - type: integer 
INFO: [Synth 8-3491] module 'UARTcomponent' declared at '/home/anto/Scrivania/P-ASDi/Esercizio9.2_nuovo_vs/Esercizio9.2_nuovo_vs.srcs/sources_1/imports/Esercizio9/RS232RefComp2.vhd:60' bound to instance 'uartA' of component 'UARTcomponent' [/home/anto/Scrivania/P-ASDi/Esercizio9.2_nuovo_vs/Esercizio9.2_nuovo_vs.srcs/sources_1/new/sistemaA.vhd:107]
INFO: [Synth 8-638] synthesizing module 'UARTcomponent' [/home/anto/Scrivania/P-ASDi/Esercizio9.2_nuovo_vs/Esercizio9.2_nuovo_vs.srcs/sources_1/imports/Esercizio9/RS232RefComp2.vhd:87]
	Parameter BAUD_DIVIDE_G bound to: 2 - type: integer 
	Parameter BAUD_RATE_G bound to: 32 - type: integer 
INFO: [Synth 8-256] done synthesizing module 'UARTcomponent' (1#1) [/home/anto/Scrivania/P-ASDi/Esercizio9.2_nuovo_vs/Esercizio9.2_nuovo_vs.srcs/sources_1/imports/Esercizio9/RS232RefComp2.vhd:87]
	Parameter N bound to: 2 - type: integer 
INFO: [Synth 8-3491] module 'contatore' declared at '/home/anto/Scrivania/P-ASDi/Esercizio9.2_nuovo_vs/Esercizio9.2_nuovo_vs.srcs/sources_1/new/contatore.vhd:37' bound to instance 'counterA' of component 'contatore' [/home/anto/Scrivania/P-ASDi/Esercizio9.2_nuovo_vs/Esercizio9.2_nuovo_vs.srcs/sources_1/new/sistemaA.vhd:122]
INFO: [Synth 8-638] synthesizing module 'contatore' [/home/anto/Scrivania/P-ASDi/Esercizio9.2_nuovo_vs/Esercizio9.2_nuovo_vs.srcs/sources_1/new/contatore.vhd:46]
	Parameter N bound to: 2 - type: integer 
INFO: [Synth 8-256] done synthesizing module 'contatore' (2#1) [/home/anto/Scrivania/P-ASDi/Esercizio9.2_nuovo_vs/Esercizio9.2_nuovo_vs.srcs/sources_1/new/contatore.vhd:46]
	Parameter N bound to: 2 - type: integer 
INFO: [Synth 8-3491] module 'ROM' declared at '/home/anto/Scrivania/P-ASDi/Esercizio9.2_nuovo_vs/Esercizio9.2_nuovo_vs.srcs/sources_1/new/ROM.vhd:37' bound to instance 'RomA' of component 'ROM' [/home/anto/Scrivania/P-ASDi/Esercizio9.2_nuovo_vs/Esercizio9.2_nuovo_vs.srcs/sources_1/new/sistemaA.vhd:124]
INFO: [Synth 8-638] synthesizing module 'ROM' [/home/anto/Scrivania/P-ASDi/Esercizio9.2_nuovo_vs/Esercizio9.2_nuovo_vs.srcs/sources_1/new/ROM.vhd:44]
	Parameter N bound to: 2 - type: integer 
INFO: [Synth 8-256] done synthesizing module 'ROM' (3#1) [/home/anto/Scrivania/P-ASDi/Esercizio9.2_nuovo_vs/Esercizio9.2_nuovo_vs.srcs/sources_1/new/ROM.vhd:44]
INFO: [Synth 8-3491] module 'control_unitA' declared at '/home/anto/Scrivania/P-ASDi/Esercizio9.2_nuovo_vs/Esercizio9.2_nuovo_vs.srcs/sources_1/new/control_unitA.vhd:34' bound to instance 'control_unit' of component 'control_unitA' [/home/anto/Scrivania/P-ASDi/Esercizio9.2_nuovo_vs/Esercizio9.2_nuovo_vs.srcs/sources_1/new/sistemaA.vhd:126]
INFO: [Synth 8-638] synthesizing module 'control_unitA' [/home/anto/Scrivania/P-ASDi/Esercizio9.2_nuovo_vs/Esercizio9.2_nuovo_vs.srcs/sources_1/new/control_unitA.vhd:44]
INFO: [Synth 8-256] done synthesizing module 'control_unitA' (4#1) [/home/anto/Scrivania/P-ASDi/Esercizio9.2_nuovo_vs/Esercizio9.2_nuovo_vs.srcs/sources_1/new/control_unitA.vhd:44]
INFO: [Synth 8-3491] module 'delay_block' declared at '/home/anto/Scrivania/P-ASDi/Esercizio9.2_nuovo_vs/Esercizio9.2_nuovo_vs.srcs/sources_1/new/delay_block.vhd:34' bound to instance 'delay' of component 'delay_block' [/home/anto/Scrivania/P-ASDi/Esercizio9.2_nuovo_vs/Esercizio9.2_nuovo_vs.srcs/sources_1/new/sistemaA.vhd:128]
INFO: [Synth 8-638] synthesizing module 'delay_block' [/home/anto/Scrivania/P-ASDi/Esercizio9.2_nuovo_vs/Esercizio9.2_nuovo_vs.srcs/sources_1/new/delay_block.vhd:40]
INFO: [Synth 8-256] done synthesizing module 'delay_block' (5#1) [/home/anto/Scrivania/P-ASDi/Esercizio9.2_nuovo_vs/Esercizio9.2_nuovo_vs.srcs/sources_1/new/delay_block.vhd:40]
INFO: [Synth 8-256] done synthesizing module 'sistemaA' (6#1) [/home/anto/Scrivania/P-ASDi/Esercizio9.2_nuovo_vs/Esercizio9.2_nuovo_vs.srcs/sources_1/new/sistemaA.vhd:48]
INFO: [Synth 8-3491] module 'sistemaB' declared at '/home/anto/Scrivania/P-ASDi/Esercizio9.2_nuovo_vs/Esercizio9.2_nuovo_vs.srcs/sources_1/new/sistemaB.vhd:38' bound to instance 'sisB' of component 'sistemaB' [/home/anto/Scrivania/P-ASDi/Esercizio9.2_nuovo_vs/Esercizio9.2_nuovo_vs.srcs/sources_1/new/sistema_complessivo.vhd:79]
INFO: [Synth 8-638] synthesizing module 'sistemaB' [/home/anto/Scrivania/P-ASDi/Esercizio9.2_nuovo_vs/Esercizio9.2_nuovo_vs.srcs/sources_1/new/sistemaB.vhd:48]
	Parameter N bound to: 2 - type: integer 
	Parameter BAUD_DIVIDE_G bound to: 2 - type: integer 
	Parameter BAUD_RATE_G bound to: 32 - type: integer 
INFO: [Synth 8-3491] module 'UARTcomponent' declared at '/home/anto/Scrivania/P-ASDi/Esercizio9.2_nuovo_vs/Esercizio9.2_nuovo_vs.srcs/sources_1/imports/Esercizio9/RS232RefComp2.vhd:60' bound to instance 'uartB' of component 'UARTcomponent' [/home/anto/Scrivania/P-ASDi/Esercizio9.2_nuovo_vs/Esercizio9.2_nuovo_vs.srcs/sources_1/new/sistemaB.vhd:110]
INFO: [Synth 8-3491] module 'control_unitB' declared at '/home/anto/Scrivania/P-ASDi/Esercizio9.2_nuovo_vs/Esercizio9.2_nuovo_vs.srcs/sources_1/new/control_unitB.vhd:34' bound to instance 'control_unit' of component 'control_unitB' [/home/anto/Scrivania/P-ASDi/Esercizio9.2_nuovo_vs/Esercizio9.2_nuovo_vs.srcs/sources_1/new/sistemaB.vhd:126]
INFO: [Synth 8-638] synthesizing module 'control_unitB' [/home/anto/Scrivania/P-ASDi/Esercizio9.2_nuovo_vs/Esercizio9.2_nuovo_vs.srcs/sources_1/new/control_unitB.vhd:42]
INFO: [Synth 8-256] done synthesizing module 'control_unitB' (7#1) [/home/anto/Scrivania/P-ASDi/Esercizio9.2_nuovo_vs/Esercizio9.2_nuovo_vs.srcs/sources_1/new/control_unitB.vhd:42]
	Parameter N bound to: 2 - type: integer 
INFO: [Synth 8-3491] module 'MemoriaB' declared at '/home/anto/Scrivania/P-ASDi/Esercizio9.2_nuovo_vs/Esercizio9.2_nuovo_vs.srcs/sources_1/new/memoria.vhd:38' bound to instance 'mam' of component 'MemoriaB' [/home/anto/Scrivania/P-ASDi/Esercizio9.2_nuovo_vs/Esercizio9.2_nuovo_vs.srcs/sources_1/new/sistemaB.vhd:128]
INFO: [Synth 8-638] synthesizing module 'MemoriaB' [/home/anto/Scrivania/P-ASDi/Esercizio9.2_nuovo_vs/Esercizio9.2_nuovo_vs.srcs/sources_1/new/memoria.vhd:47]
	Parameter N bound to: 2 - type: integer 
INFO: [Synth 8-256] done synthesizing module 'MemoriaB' (8#1) [/home/anto/Scrivania/P-ASDi/Esercizio9.2_nuovo_vs/Esercizio9.2_nuovo_vs.srcs/sources_1/new/memoria.vhd:47]
	Parameter N bound to: 2 - type: integer 
INFO: [Synth 8-3491] module 'contatore' declared at '/home/anto/Scrivania/P-ASDi/Esercizio9.2_nuovo_vs/Esercizio9.2_nuovo_vs.srcs/sources_1/new/contatore.vhd:37' bound to instance 'counter' of component 'contatore' [/home/anto/Scrivania/P-ASDi/Esercizio9.2_nuovo_vs/Esercizio9.2_nuovo_vs.srcs/sources_1/new/sistemaB.vhd:130]
INFO: [Synth 8-3491] module 'debouncer' declared at '/home/anto/Scrivania/P-ASDi/Esercizio9.2_nuovo_vs/Esercizio9.2_nuovo_vs.srcs/sources_1/new/debouncer.vhd:34' bound to instance 'deb' of component 'debouncer' [/home/anto/Scrivania/P-ASDi/Esercizio9.2_nuovo_vs/Esercizio9.2_nuovo_vs.srcs/sources_1/new/sistemaB.vhd:132]
INFO: [Synth 8-638] synthesizing module 'debouncer' [/home/anto/Scrivania/P-ASDi/Esercizio9.2_nuovo_vs/Esercizio9.2_nuovo_vs.srcs/sources_1/new/debouncer.vhd:46]
	Parameter CLK_period bound to: 10 - type: integer 
	Parameter button_noise_time bound to: 20 - type: integer 
	Parameter N bound to: 1 - type: integer 
INFO: [Synth 8-226] default block is never used [/home/anto/Scrivania/P-ASDi/Esercizio9.2_nuovo_vs/Esercizio9.2_nuovo_vs.srcs/sources_1/new/debouncer.vhd:57]
INFO: [Synth 8-256] done synthesizing module 'debouncer' (9#1) [/home/anto/Scrivania/P-ASDi/Esercizio9.2_nuovo_vs/Esercizio9.2_nuovo_vs.srcs/sources_1/new/debouncer.vhd:46]
INFO: [Synth 8-256] done synthesizing module 'sistemaB' (10#1) [/home/anto/Scrivania/P-ASDi/Esercizio9.2_nuovo_vs/Esercizio9.2_nuovo_vs.srcs/sources_1/new/sistemaB.vhd:48]
INFO: [Synth 8-3491] module 'debouncer' declared at '/home/anto/Scrivania/P-ASDi/Esercizio9.2_nuovo_vs/Esercizio9.2_nuovo_vs.srcs/sources_1/new/debouncer.vhd:34' bound to instance 'debouncer1' of component 'debouncer' [/home/anto/Scrivania/P-ASDi/Esercizio9.2_nuovo_vs/Esercizio9.2_nuovo_vs.srcs/sources_1/new/sistema_complessivo.vhd:81]
INFO: [Synth 8-256] done synthesizing module 'sistema_complessivo' (11#1) [/home/anto/Scrivania/P-ASDi/Esercizio9.2_nuovo_vs/Esercizio9.2_nuovo_vs.srcs/sources_1/new/sistema_complessivo.vhd:44]
---------------------------------------------------------------------------------
Finished RTL Elaboration : Time (s): cpu = 00:00:04 ; elapsed = 00:00:05 . Memory (MB): peak = 2635.723 ; gain = 265.625 ; free physical = 6968 ; free virtual = 27738
---------------------------------------------------------------------------------
---------------------------------------------------------------------------------
Start Handling Custom Attributes
---------------------------------------------------------------------------------
---------------------------------------------------------------------------------
Finished Handling Custom Attributes : Time (s): cpu = 00:00:04 ; elapsed = 00:00:05 . Memory (MB): peak = 2650.566 ; gain = 280.469 ; free physical = 7017 ; free virtual = 27787
---------------------------------------------------------------------------------
---------------------------------------------------------------------------------
Finished RTL Optimization Phase 1 : Time (s): cpu = 00:00:04 ; elapsed = 00:00:05 . Memory (MB): peak = 2650.566 ; gain = 280.469 ; free physical = 7017 ; free virtual = 27787
---------------------------------------------------------------------------------
Netlist sorting complete. Time (s): cpu = 00:00:00.01 ; elapsed = 00:00:00.01 . Memory (MB): peak = 2650.566 ; gain = 0.000 ; free physical = 7009 ; free virtual = 27779
INFO: [Project 1-570] Preparing netlist for logic optimization

Processing XDC Constraints
Initializing timing engine
Parsing XDC File [/home/anto/Scrivania/P-ASDi/Esercizio9.2_nuovo_vs/Esercizio9.2_nuovo_vs.srcs/constrs_1/imports/davide_420/Nexys-A7-50T-Master.xdc]
Finished Parsing XDC File [/home/anto/Scrivania/P-ASDi/Esercizio9.2_nuovo_vs/Esercizio9.2_nuovo_vs.srcs/constrs_1/imports/davide_420/Nexys-A7-50T-Master.xdc]
INFO: [Project 1-236] Implementation specific constraints were found while reading constraint file [/home/anto/Scrivania/P-ASDi/Esercizio9.2_nuovo_vs/Esercizio9.2_nuovo_vs.srcs/constrs_1/imports/davide_420/Nexys-A7-50T-Master.xdc]. These constraints will be ignored for synthesis but will be used in implementation. Impacted constraints are listed in the file [.Xil/sistema_complessivo_propImpl.xdc].
Resolution: To avoid this warning, move constraints listed in [.Xil/sistema_complessivo_propImpl.xdc] to another XDC file and exclude this new file from synthesis with the used_in_synthesis property (File Properties dialog in GUI) and re-run elaboration/synthesis.
Completed Processing XDC Constraints

Netlist sorting complete. Time (s): cpu = 00:00:00 ; elapsed = 00:00:00 . Memory (MB): peak = 2820.316 ; gain = 0.000 ; free physical = 6934 ; free virtual = 27704
INFO: [Project 1-111] Unisim Transformation Summary:
No Unisim elements were transformed.

Constraint Validation Runtime : Time (s): cpu = 00:00:00 ; elapsed = 00:00:00 . Memory (MB): peak = 2820.316 ; gain = 0.000 ; free physical = 6934 ; free virtual = 27704
---------------------------------------------------------------------------------
Finished Constraint Validation : Time (s): cpu = 00:00:09 ; elapsed = 00:00:10 . Memory (MB): peak = 2820.316 ; gain = 450.219 ; free physical = 6990 ; free virtual = 27760
---------------------------------------------------------------------------------
---------------------------------------------------------------------------------
Start Loading Part and Timing Information
---------------------------------------------------------------------------------
Loading part: xc7a50ticsg324-1L
---------------------------------------------------------------------------------
Finished Loading Part and Timing Information : Time (s): cpu = 00:00:09 ; elapsed = 00:00:10 . Memory (MB): peak = 2820.316 ; gain = 450.219 ; free physical = 6990 ; free virtual = 27760
---------------------------------------------------------------------------------
---------------------------------------------------------------------------------
Start Applying 'set_property' XDC Constraints
---------------------------------------------------------------------------------
---------------------------------------------------------------------------------
Finished applying 'set_property' XDC Constraints : Time (s): cpu = 00:00:09 ; elapsed = 00:00:10 . Memory (MB): peak = 2820.316 ; gain = 450.219 ; free physical = 6990 ; free virtual = 27760
---------------------------------------------------------------------------------
INFO: [Synth 8-802] inferred FSM for state register 'strCur_reg' in module 'UARTcomponent'
INFO: [Synth 8-802] inferred FSM for state register 'sttCur_reg' in module 'UARTcomponent'
INFO: [Synth 8-802] inferred FSM for state register 'current_state_reg' in module 'control_unitA'
INFO: [Synth 8-802] inferred FSM for state register 'current_state_reg' in module 'control_unitB'
---------------------------------------------------------------------------------------------------
                   State |                     New Encoding |                Previous Encoding 
---------------------------------------------------------------------------------------------------
                 sttidle |                            00001 |                              000
             stttransfer |                            00010 |                              001
                sttdelay |                            00100 |                              011
                sttshift |                            01000 |                              010
            sttwaitwrite |                            10000 |                              100
---------------------------------------------------------------------------------------------------
INFO: [Synth 8-3354] encoded FSM with state register 'sttCur_reg' using encoding 'one-hot' in module 'UARTcomponent'
---------------------------------------------------------------------------------------------------
                   State |                     New Encoding |                Previous Encoding 
---------------------------------------------------------------------------------------------------
                 stridle |                           000001 |                              000
           streightdelay |                           000010 |                              001
             strwaitfor0 |                           000100 |                              011
            strcheckstop |                           001000 |                              101
             strwaitfor1 |                           010000 |                              100
              strgetdata |                           100000 |                              010
---------------------------------------------------------------------------------------------------
INFO: [Synth 8-3354] encoded FSM with state register 'strCur_reg' using encoding 'one-hot' in module 'UARTcomponent'
---------------------------------------------------------------------------------------------------
                   State |                     New Encoding |                Previous Encoding 
---------------------------------------------------------------------------------------------------
                 q_start |                          0000001 |                              000
              q_trasmett |                          0000010 |                              001
                      q0 |                          0000100 |                              010
                      q1 |                          0001000 |                              011
                      q2 |                          0010000 |                              100
                      q3 |                          0100000 |                              101
                      q4 |                          1000000 |                              110
---------------------------------------------------------------------------------------------------
INFO: [Synth 8-3354] encoded FSM with state register 'current_state_reg' using encoding 'one-hot' in module 'control_unitA'
---------------------------------------------------------------------------------------------------
                   State |                     New Encoding |                Previous Encoding 
---------------------------------------------------------------------------------------------------
                 q_start |                               00 |                               00
                      q0 |                               01 |                               01
                      q1 |                               10 |                               10
---------------------------------------------------------------------------------------------------
INFO: [Synth 8-3354] encoded FSM with state register 'current_state_reg' using encoding 'sequential' in module 'control_unitB'
---------------------------------------------------------------------------------
Finished RTL Optimization Phase 2 : Time (s): cpu = 00:00:09 ; elapsed = 00:00:10 . Memory (MB): peak = 2820.316 ; gain = 450.219 ; free physical = 6974 ; free virtual = 27745
---------------------------------------------------------------------------------
---------------------------------------------------------------------------------
Start RTL Component Statistics 
---------------------------------------------------------------------------------
Detailed RTL Component Info : 
+---Adders : 
	   2 Input   32 Bit       Adders := 3     
	   2 Input   10 Bit       Adders := 2     
	   2 Input    4 Bit       Adders := 6     
	   2 Input    1 Bit       Adders := 2     
+---XORs : 
	   8 Input      1 Bit         XORs := 2     
	   9 Input      1 Bit         XORs := 2     
+---Registers : 
	               11 Bit    Registers := 2     
	               10 Bit    Registers := 4     
	                8 Bit    Registers := 4     
	                4 Bit    Registers := 6     
	                1 Bit    Registers := 24    
+---RAMs : 
	               16 Bit	(2 X 8 bit)          RAMs := 1     
+---Muxes : 
	   2 Input   32 Bit        Muxes := 1     
	   2 Input   11 Bit        Muxes := 2     
	   3 Input    8 Bit        Muxes := 1     
	   7 Input    7 Bit        Muxes := 1     
	   2 Input    7 Bit        Muxes := 6     
	   6 Input    6 Bit        Muxes := 2     
	   2 Input    6 Bit        Muxes := 10    
	   5 Input    5 Bit        Muxes := 2     
	   2 Input    5 Bit        Muxes := 8     
	   3 Input    2 Bit        Muxes := 1     
	   2 Input    2 Bit        Muxes := 3     
	   5 Input    1 Bit        Muxes := 2     
	   2 Input    1 Bit        Muxes := 17    
	   6 Input    1 Bit        Muxes := 2     
	   7 Input    1 Bit        Muxes := 4     
	   3 Input    1 Bit        Muxes := 5     
---------------------------------------------------------------------------------
Finished RTL Component Statistics 
---------------------------------------------------------------------------------
---------------------------------------------------------------------------------
Start Part Resource Summary
---------------------------------------------------------------------------------
Part Resources:
DSPs: 120 (col length:60)
BRAMs: 150 (col length: RAMB18 60 RAMB36 30)
---------------------------------------------------------------------------------
Finished Part Resource Summary
---------------------------------------------------------------------------------
---------------------------------------------------------------------------------
Start Cross Boundary and Area Optimization
---------------------------------------------------------------------------------
---------------------------------------------------------------------------------
Finished Cross Boundary and Area Optimization : Time (s): cpu = 00:00:10 ; elapsed = 00:00:12 . Memory (MB): peak = 2820.316 ; gain = 450.219 ; free physical = 6959 ; free virtual = 27734
---------------------------------------------------------------------------------
---------------------------------------------------------------------------------
Start ROM, RAM, DSP, Shift Register and Retiming Reporting
---------------------------------------------------------------------------------

Distributed RAM: Preliminary Mapping	Report (see note below)
+--------------------+------------------+-----------+----------------------+-------------+
|Module Name         | RTL Object       | Inference | Size (Depth x Width) | Primitives  | 
+--------------------+------------------+-----------+----------------------+-------------+
|sistema_complessivo | sisB/mam/mem_reg | Implied   | 2 x 8                | RAM32M x 2	 | 
+--------------------+------------------+-----------+----------------------+-------------+

Note: The table above is a preliminary report that shows the Distributed RAMs at the current stage of the synthesis flow. Some Distributed RAMs may be reimplemented as non Distributed RAM primitives later in the synthesis flow. Multiple instantiated RAMs are reported only once.
---------------------------------------------------------------------------------
Finished ROM, RAM, DSP, Shift Register and Retiming Reporting
---------------------------------------------------------------------------------
---------------------------------------------------------------------------------
Start Applying XDC Timing Constraints
---------------------------------------------------------------------------------
---------------------------------------------------------------------------------
Finished Applying XDC Timing Constraints : Time (s): cpu = 00:00:15 ; elapsed = 00:00:16 . Memory (MB): peak = 2820.316 ; gain = 450.219 ; free physical = 6858 ; free virtual = 27632
---------------------------------------------------------------------------------
---------------------------------------------------------------------------------
Start Timing Optimization
---------------------------------------------------------------------------------
---------------------------------------------------------------------------------
Finished Timing Optimization : Time (s): cpu = 00:00:15 ; elapsed = 00:00:17 . Memory (MB): peak = 2820.316 ; gain = 450.219 ; free physical = 6853 ; free virtual = 27627
---------------------------------------------------------------------------------
---------------------------------------------------------------------------------
Start ROM, RAM, DSP, Shift Register and Retiming Reporting
---------------------------------------------------------------------------------

Distributed RAM: Final Mapping	Report
+--------------------+------------------+-----------+----------------------+-------------+
|Module Name         | RTL Object       | Inference | Size (Depth x Width) | Primitives  | 
+--------------------+------------------+-----------+----------------------+-------------+
|sistema_complessivo | sisB/mam/mem_reg | Implied   | 2 x 8                | RAM32M x 2	 | 
+--------------------+------------------+-----------+----------------------+-------------+

---------------------------------------------------------------------------------
Finished ROM, RAM, DSP, Shift Register and Retiming Reporting
---------------------------------------------------------------------------------
---------------------------------------------------------------------------------
Start Technology Mapping
---------------------------------------------------------------------------------
---------------------------------------------------------------------------------
Finished Technology Mapping : Time (s): cpu = 00:00:15 ; elapsed = 00:00:17 . Memory (MB): peak = 2820.316 ; gain = 450.219 ; free physical = 6845 ; free virtual = 27619
---------------------------------------------------------------------------------
---------------------------------------------------------------------------------
Start IO Insertion
---------------------------------------------------------------------------------
---------------------------------------------------------------------------------
Start Flattening Before IO Insertion
---------------------------------------------------------------------------------
---------------------------------------------------------------------------------
Finished Flattening Before IO Insertion
---------------------------------------------------------------------------------
---------------------------------------------------------------------------------
Start Final Netlist Cleanup
---------------------------------------------------------------------------------
---------------------------------------------------------------------------------
Finished Final Netlist Cleanup
---------------------------------------------------------------------------------
---------------------------------------------------------------------------------
Finished IO Insertion : Time (s): cpu = 00:00:18 ; elapsed = 00:00:19 . Memory (MB): peak = 2820.316 ; gain = 450.219 ; free physical = 6843 ; free virtual = 27617
---------------------------------------------------------------------------------
---------------------------------------------------------------------------------
Start Renaming Generated Instances
---------------------------------------------------------------------------------
---------------------------------------------------------------------------------
Finished Renaming Generated Instances : Time (s): cpu = 00:00:18 ; elapsed = 00:00:19 . Memory (MB): peak = 2820.316 ; gain = 450.219 ; free physical = 6843 ; free virtual = 27617
---------------------------------------------------------------------------------
---------------------------------------------------------------------------------
Start Rebuilding User Hierarchy
---------------------------------------------------------------------------------
---------------------------------------------------------------------------------
Finished Rebuilding User Hierarchy : Time (s): cpu = 00:00:18 ; elapsed = 00:00:19 . Memory (MB): peak = 2820.316 ; gain = 450.219 ; free physical = 6843 ; free virtual = 27617
---------------------------------------------------------------------------------
---------------------------------------------------------------------------------
Start Renaming Generated Ports
---------------------------------------------------------------------------------
---------------------------------------------------------------------------------
Finished Renaming Generated Ports : Time (s): cpu = 00:00:18 ; elapsed = 00:00:19 . Memory (MB): peak = 2820.316 ; gain = 450.219 ; free physical = 6843 ; free virtual = 27617
---------------------------------------------------------------------------------
---------------------------------------------------------------------------------
Start Handling Custom Attributes
---------------------------------------------------------------------------------
---------------------------------------------------------------------------------
Finished Handling Custom Attributes : Time (s): cpu = 00:00:18 ; elapsed = 00:00:19 . Memory (MB): peak = 2820.316 ; gain = 450.219 ; free physical = 6843 ; free virtual = 27617
---------------------------------------------------------------------------------
---------------------------------------------------------------------------------
Start Renaming Generated Nets
---------------------------------------------------------------------------------
---------------------------------------------------------------------------------
Finished Renaming Generated Nets : Time (s): cpu = 00:00:18 ; elapsed = 00:00:19 . Memory (MB): peak = 2820.316 ; gain = 450.219 ; free physical = 6843 ; free virtual = 27617
---------------------------------------------------------------------------------
---------------------------------------------------------------------------------
Start Writing Synthesis Report
---------------------------------------------------------------------------------

Report BlackBoxes: 
+-+--------------+----------+
| |BlackBox name |Instances |
+-+--------------+----------+
+-+--------------+----------+

Report Cell Usage: 
+------+-------+------+
|      |Cell   |Count |
+------+-------+------+
|1     |BUFG   |     1|
|2     |CARRY4 |    68|
|3     |LUT1   |    10|
|4     |LUT2   |    53|
|5     |LUT3   |    27|
|6     |LUT4   |    28|
|7     |LUT5   |    14|
|8     |LUT6   |    34|
|9     |RAM32M |     2|
|10    |FDCE   |     3|
|11    |FDRE   |   266|
|12    |FDSE   |     2|
|13    |IBUF   |     3|
|14    |OBUF   |     9|
+------+-------+------+
---------------------------------------------------------------------------------
Finished Writing Synthesis Report : Time (s): cpu = 00:00:18 ; elapsed = 00:00:19 . Memory (MB): peak = 2820.316 ; gain = 450.219 ; free physical = 6843 ; free virtual = 27617
---------------------------------------------------------------------------------
Synthesis finished with 0 errors, 0 critical warnings and 0 warnings.
Synthesis Optimization Runtime : Time (s): cpu = 00:00:16 ; elapsed = 00:00:18 . Memory (MB): peak = 2820.316 ; gain = 280.469 ; free physical = 6885 ; free virtual = 27659
Synthesis Optimization Complete : Time (s): cpu = 00:00:18 ; elapsed = 00:00:19 . Memory (MB): peak = 2820.316 ; gain = 450.219 ; free physical = 6885 ; free virtual = 27659
INFO: [Project 1-571] Translating synthesized netlist
Netlist sorting complete. Time (s): cpu = 00:00:00 ; elapsed = 00:00:00 . Memory (MB): peak = 2820.316 ; gain = 0.000 ; free physical = 6965 ; free virtual = 27739
INFO: [Netlist 29-17] Analyzing 70 Unisim elements for replacement
INFO: [Netlist 29-28] Unisim Transformation completed in 0 CPU seconds
INFO: [Project 1-570] Preparing netlist for logic optimization
INFO: [Opt 31-138] Pushed 0 inverter(s) to 0 load pin(s).
Netlist sorting complete. Time (s): cpu = 00:00:00 ; elapsed = 00:00:00 . Memory (MB): peak = 2820.316 ; gain = 0.000 ; free physical = 6929 ; free virtual = 27695
INFO: [Project 1-111] Unisim Transformation Summary:
  A total of 2 instances were transformed.
  RAM32M => RAM32M (RAMD32(x6), RAMS32(x2)): 2 instances

INFO: [Common 17-83] Releasing license: Synthesis
59 Infos, 0 Warnings, 0 Critical Warnings and 0 Errors encountered.
synth_design completed successfully
synth_design: Time (s): cpu = 00:00:25 ; elapsed = 00:00:23 . Memory (MB): peak = 2820.316 ; gain = 462.125 ; free physical = 7066 ; free virtual = 27832
INFO: [Common 17-1381] The checkpoint '/home/anto/Scrivania/P-ASDi/Esercizio9.2_nuovo_vs/Esercizio9.2_nuovo_vs.runs/synth_1/sistema_complessivo.dcp' has been generated.
INFO: [runtcl-4] Executing : report_utilization -file sistema_complessivo_utilization_synth.rpt -pb sistema_complessivo_utilization_synth.pb
INFO: [Common 17-206] Exiting Vivado at Sat Jan 22 17:07:53 2022...
