Vivado Simulator 2019.1
Copyright 1986-1999, 2001-2019 Xilinx, Inc. All Rights Reserved.
Running: D:/Xilinx/Vivado/2019.1/bin/unwrapped/win64.o/xelab.exe -wto 57f82dc0c1394a03bde86d3fbe093975 --incr --debug typical --relax --mt 2 -L xil_defaultlib -L secureip --snapshot tester_tb_behav xil_defaultlib.tester_tb -log elaborate.log 
Using 2 slave threads.
Starting static elaboration
Completed static elaboration
Starting simulation data flow analysis
Completed simulation data flow analysis
Time Resolution for simulation is 1ps
Compiling package std.standard
Compiling package std.textio
Compiling package ieee.std_logic_1164
Compiling architecture behavioral of entity xil_defaultlib.debouncer [debouncer_default]
Compiling architecture behavioral of entity xil_defaultlib.gestore_read [\gestore_read(n=4)\]
Compiling architecture behavioral of entity xil_defaultlib.delay [delay_default]
Compiling architecture behavioral of entity xil_defaultlib.ROM [\ROM(n=4)\]
Compiling architecture structural of entity xil_defaultlib.tester_automatico [tester_automatico_default]
Compiling architecture behavioral of entity xil_defaultlib.macchina_da_testare [macchina_da_testare_default]
Compiling architecture behavioral of entity xil_defaultlib.memoria [\memoria(n=4)\]
Compiling architecture behavioral of entity xil_defaultlib.gestore_led [\gestore_led(n=4,x=4)\]
Compiling architecture behavioral of entity xil_defaultlib.sistema [sistema_default]
Compiling architecture structural of entity xil_defaultlib.tester_tb
Built simulation snapshot tester_tb_behav
