
*** Running vivado
    with args -log riconoscitore.vds -m64 -product Vivado -mode batch -messageDb vivado.pb -notrace -source riconoscitore.tcl



****** Vivado v2020.1 (64-bit)
  **** SW Build 2902540 on Wed May 27 19:54:49 MDT 2020
  **** IP Build 2902112 on Wed May 27 22:43:36 MDT 2020
    ** Copyright 1986-2020 Xilinx, Inc. All Rights Reserved.

source riconoscitore.tcl -notrace
Command: synth_design -top riconoscitore -part xc7a50ticsg324-1L
Starting synth_design
Attempting to get a license for feature 'Synthesis' and/or device 'xc7a50ti'
INFO: [Common 17-349] Got license for feature 'Synthesis' and/or device 'xc7a50ti'
INFO: [Device 21-403] Loading part xc7a50ticsg324-1L
INFO: [Synth 8-7079] Multithreading enabled for synth_design using a maximum of 2 processes.
INFO: [Synth 8-7078] Launching helper process for spawning children vivado processes
INFO: [Synth 8-7075] Helper process launched with PID 7244
---------------------------------------------------------------------------------
Starting RTL Elaboration : Time (s): cpu = 00:00:10 ; elapsed = 00:00:11 . Memory (MB): peak = 1042.875 ; gain = 0.000
---------------------------------------------------------------------------------
INFO: [Synth 8-638] synthesizing module 'riconoscitore' [C:/Users/davide_420/Esercizio3_2.0/Esercizio3_2.0.srcs/sources_1/new/riconoscitore.vhd:39]
INFO: [Synth 8-3491] module 'sistema' declared at 'C:/Users/davide_420/Esercizio3_2.0/Esercizio3_2.0.srcs/sources_1/new/sistema.vhd:34' bound to instance 'sistem1' of component 'sistem' [C:/Users/davide_420/Esercizio3_2.0/Esercizio3_2.0.srcs/sources_1/new/riconoscitore.vhd:72]
INFO: [Synth 8-638] synthesizing module 'sistema' [C:/Users/davide_420/Esercizio3_2.0/Esercizio3_2.0.srcs/sources_1/new/sistema.vhd:42]
INFO: [Synth 8-256] done synthesizing module 'sistema' (1#1) [C:/Users/davide_420/Esercizio3_2.0/Esercizio3_2.0.srcs/sources_1/new/sistema.vhd:42]
INFO: [Synth 8-3491] module 'debouncer' declared at 'C:/Users/davide_420/Esercizio3_2.0/Esercizio3_2.0.srcs/sources_1/new/debouncer.vhd:34' bound to instance 'deb1' of component 'deb' [C:/Users/davide_420/Esercizio3_2.0/Esercizio3_2.0.srcs/sources_1/new/riconoscitore.vhd:74]
INFO: [Synth 8-638] synthesizing module 'debouncer' [C:/Users/davide_420/Esercizio3_2.0/Esercizio3_2.0.srcs/sources_1/new/debouncer.vhd:45]
	Parameter CLK_period bound to: 10 - type: integer 
	Parameter button_noise_time bound to: 6500000 - type: integer 
INFO: [Synth 8-226] default block is never used [C:/Users/davide_420/Esercizio3_2.0/Esercizio3_2.0.srcs/sources_1/new/debouncer.vhd:62]
INFO: [Synth 8-256] done synthesizing module 'debouncer' (2#1) [C:/Users/davide_420/Esercizio3_2.0/Esercizio3_2.0.srcs/sources_1/new/debouncer.vhd:45]
INFO: [Synth 8-3491] module 'gestore_modo' declared at 'C:/Users/davide_420/Esercizio3_2.0/Esercizio3_2.0.srcs/sources_1/new/gestore_modo.vhd:34' bound to instance 'gmodo1' of component 'gmodo' [C:/Users/davide_420/Esercizio3_2.0/Esercizio3_2.0.srcs/sources_1/new/riconoscitore.vhd:76]
INFO: [Synth 8-638] synthesizing module 'gestore_modo' [C:/Users/davide_420/Esercizio3_2.0/Esercizio3_2.0.srcs/sources_1/new/gestore_modo.vhd:41]
INFO: [Synth 8-3491] module 'debouncer' declared at 'C:/Users/davide_420/Esercizio3_2.0/Esercizio3_2.0.srcs/sources_1/new/debouncer.vhd:34' bound to instance 'db2' of component 'db' [C:/Users/davide_420/Esercizio3_2.0/Esercizio3_2.0.srcs/sources_1/new/gestore_modo.vhd:61]
INFO: [Synth 8-3491] module 'filtro_modo' declared at 'C:/Users/davide_420/Esercizio3_2.0/Esercizio3_2.0.srcs/sources_1/new/filtro_modo.vhd:34' bound to instance 'fm1' of component 'fm' [C:/Users/davide_420/Esercizio3_2.0/Esercizio3_2.0.srcs/sources_1/new/gestore_modo.vhd:63]
INFO: [Synth 8-638] synthesizing module 'filtro_modo' [C:/Users/davide_420/Esercizio3_2.0/Esercizio3_2.0.srcs/sources_1/new/filtro_modo.vhd:40]
INFO: [Synth 8-256] done synthesizing module 'filtro_modo' (3#1) [C:/Users/davide_420/Esercizio3_2.0/Esercizio3_2.0.srcs/sources_1/new/filtro_modo.vhd:40]
INFO: [Synth 8-256] done synthesizing module 'gestore_modo' (4#1) [C:/Users/davide_420/Esercizio3_2.0/Esercizio3_2.0.srcs/sources_1/new/gestore_modo.vhd:41]
INFO: [Synth 8-256] done synthesizing module 'riconoscitore' (5#1) [C:/Users/davide_420/Esercizio3_2.0/Esercizio3_2.0.srcs/sources_1/new/riconoscitore.vhd:39]
---------------------------------------------------------------------------------
Finished RTL Elaboration : Time (s): cpu = 00:00:12 ; elapsed = 00:00:13 . Memory (MB): peak = 1042.875 ; gain = 0.000
---------------------------------------------------------------------------------
---------------------------------------------------------------------------------
Start Handling Custom Attributes
---------------------------------------------------------------------------------
---------------------------------------------------------------------------------
Finished Handling Custom Attributes : Time (s): cpu = 00:00:13 ; elapsed = 00:00:14 . Memory (MB): peak = 1042.875 ; gain = 0.000
---------------------------------------------------------------------------------
---------------------------------------------------------------------------------
Finished RTL Optimization Phase 1 : Time (s): cpu = 00:00:13 ; elapsed = 00:00:14 . Memory (MB): peak = 1042.875 ; gain = 0.000
---------------------------------------------------------------------------------
Netlist sorting complete. Time (s): cpu = 00:00:00 ; elapsed = 00:00:00.006 . Memory (MB): peak = 1042.875 ; gain = 0.000
INFO: [Project 1-570] Preparing netlist for logic optimization

Processing XDC Constraints
Initializing timing engine
Parsing XDC File [C:/Users/davide_420/Esercizio3_2.0/Esercizio3_2.0.srcs/constrs_1/imports/davide_420/Nexys-A7-50T-Master.xdc]
Finished Parsing XDC File [C:/Users/davide_420/Esercizio3_2.0/Esercizio3_2.0.srcs/constrs_1/imports/davide_420/Nexys-A7-50T-Master.xdc]
INFO: [Project 1-236] Implementation specific constraints were found while reading constraint file [C:/Users/davide_420/Esercizio3_2.0/Esercizio3_2.0.srcs/constrs_1/imports/davide_420/Nexys-A7-50T-Master.xdc]. These constraints will be ignored for synthesis but will be used in implementation. Impacted constraints are listed in the file [.Xil/riconoscitore_propImpl.xdc].
Resolution: To avoid this warning, move constraints listed in [.Xil/riconoscitore_propImpl.xdc] to another XDC file and exclude this new file from synthesis with the used_in_synthesis property (File Properties dialog in GUI) and re-run elaboration/synthesis.
Completed Processing XDC Constraints

Netlist sorting complete. Time (s): cpu = 00:00:00 ; elapsed = 00:00:00 . Memory (MB): peak = 1042.875 ; gain = 0.000
INFO: [Project 1-111] Unisim Transformation Summary:
No Unisim elements were transformed.

Constraint Validation Runtime : Time (s): cpu = 00:00:00 ; elapsed = 00:00:00.010 . Memory (MB): peak = 1042.875 ; gain = 0.000
---------------------------------------------------------------------------------
Finished Constraint Validation : Time (s): cpu = 00:00:27 ; elapsed = 00:00:29 . Memory (MB): peak = 1042.875 ; gain = 0.000
---------------------------------------------------------------------------------
---------------------------------------------------------------------------------
Start Loading Part and Timing Information
---------------------------------------------------------------------------------
Loading part: xc7a50ticsg324-1L
---------------------------------------------------------------------------------
Finished Loading Part and Timing Information : Time (s): cpu = 00:00:27 ; elapsed = 00:00:29 . Memory (MB): peak = 1042.875 ; gain = 0.000
---------------------------------------------------------------------------------
---------------------------------------------------------------------------------
Start Applying 'set_property' XDC Constraints
---------------------------------------------------------------------------------
---------------------------------------------------------------------------------
Finished applying 'set_property' XDC Constraints : Time (s): cpu = 00:00:27 ; elapsed = 00:00:29 . Memory (MB): peak = 1042.875 ; gain = 0.000
---------------------------------------------------------------------------------
---------------------------------------------------------------------------------
Finished RTL Optimization Phase 2 : Time (s): cpu = 00:00:28 ; elapsed = 00:00:30 . Memory (MB): peak = 1042.875 ; gain = 0.000
---------------------------------------------------------------------------------
---------------------------------------------------------------------------------
Start RTL Component Statistics 
---------------------------------------------------------------------------------
Detailed RTL Component Info : 
+---Adders : 
	   2 Input   32 Bit       Adders := 2     
+---Registers : 
	               32 Bit    Registers := 2     
	                4 Bit    Registers := 1     
	                1 Bit    Registers := 7     
+---Muxes : 
	   2 Input   32 Bit        Muxes := 2     
	   2 Input    4 Bit        Muxes := 2     
	   8 Input    4 Bit        Muxes := 1     
	   2 Input    3 Bit        Muxes := 3     
	   2 Input    2 Bit        Muxes := 2     
	   2 Input    1 Bit        Muxes := 11    
---------------------------------------------------------------------------------
Finished RTL Component Statistics 
---------------------------------------------------------------------------------
---------------------------------------------------------------------------------
Start Part Resource Summary
---------------------------------------------------------------------------------
Part Resources:
DSPs: 120 (col length:60)
BRAMs: 150 (col length: RAMB18 60 RAMB36 30)
---------------------------------------------------------------------------------
Finished Part Resource Summary
---------------------------------------------------------------------------------
---------------------------------------------------------------------------------
Start Cross Boundary and Area Optimization
---------------------------------------------------------------------------------
---------------------------------------------------------------------------------
Finished Cross Boundary and Area Optimization : Time (s): cpu = 00:00:35 ; elapsed = 00:00:36 . Memory (MB): peak = 1042.875 ; gain = 0.000
---------------------------------------------------------------------------------
---------------------------------------------------------------------------------
Start Applying XDC Timing Constraints
---------------------------------------------------------------------------------
---------------------------------------------------------------------------------
Finished Applying XDC Timing Constraints : Time (s): cpu = 00:01:06 ; elapsed = 00:01:08 . Memory (MB): peak = 1042.875 ; gain = 0.000
---------------------------------------------------------------------------------
---------------------------------------------------------------------------------
Start Timing Optimization
---------------------------------------------------------------------------------
---------------------------------------------------------------------------------
Finished Timing Optimization : Time (s): cpu = 00:01:07 ; elapsed = 00:01:09 . Memory (MB): peak = 1042.875 ; gain = 0.000
---------------------------------------------------------------------------------
---------------------------------------------------------------------------------
Start Technology Mapping
---------------------------------------------------------------------------------
---------------------------------------------------------------------------------
Finished Technology Mapping : Time (s): cpu = 00:01:07 ; elapsed = 00:01:09 . Memory (MB): peak = 1042.875 ; gain = 0.000
---------------------------------------------------------------------------------
---------------------------------------------------------------------------------
Start IO Insertion
---------------------------------------------------------------------------------
---------------------------------------------------------------------------------
Start Flattening Before IO Insertion
---------------------------------------------------------------------------------
---------------------------------------------------------------------------------
Finished Flattening Before IO Insertion
---------------------------------------------------------------------------------
---------------------------------------------------------------------------------
Start Final Netlist Cleanup
---------------------------------------------------------------------------------
---------------------------------------------------------------------------------
Finished Final Netlist Cleanup
---------------------------------------------------------------------------------
---------------------------------------------------------------------------------
Finished IO Insertion : Time (s): cpu = 00:01:17 ; elapsed = 00:01:19 . Memory (MB): peak = 1042.875 ; gain = 0.000
---------------------------------------------------------------------------------
---------------------------------------------------------------------------------
Start Renaming Generated Instances
---------------------------------------------------------------------------------
---------------------------------------------------------------------------------
Finished Renaming Generated Instances : Time (s): cpu = 00:01:17 ; elapsed = 00:01:19 . Memory (MB): peak = 1042.875 ; gain = 0.000
---------------------------------------------------------------------------------
---------------------------------------------------------------------------------
Start Rebuilding User Hierarchy
---------------------------------------------------------------------------------
---------------------------------------------------------------------------------
Finished Rebuilding User Hierarchy : Time (s): cpu = 00:01:17 ; elapsed = 00:01:19 . Memory (MB): peak = 1042.875 ; gain = 0.000
---------------------------------------------------------------------------------
---------------------------------------------------------------------------------
Start Renaming Generated Ports
---------------------------------------------------------------------------------
---------------------------------------------------------------------------------
Finished Renaming Generated Ports : Time (s): cpu = 00:01:17 ; elapsed = 00:01:19 . Memory (MB): peak = 1042.875 ; gain = 0.000
---------------------------------------------------------------------------------
---------------------------------------------------------------------------------
Start Handling Custom Attributes
---------------------------------------------------------------------------------
---------------------------------------------------------------------------------
Finished Handling Custom Attributes : Time (s): cpu = 00:01:17 ; elapsed = 00:01:19 . Memory (MB): peak = 1042.875 ; gain = 0.000
---------------------------------------------------------------------------------
---------------------------------------------------------------------------------
Start Renaming Generated Nets
---------------------------------------------------------------------------------
---------------------------------------------------------------------------------
Finished Renaming Generated Nets : Time (s): cpu = 00:01:17 ; elapsed = 00:01:19 . Memory (MB): peak = 1042.875 ; gain = 0.000
---------------------------------------------------------------------------------
---------------------------------------------------------------------------------
Start Writing Synthesis Report
---------------------------------------------------------------------------------

Report BlackBoxes: 
+-+--------------+----------+
| |BlackBox name |Instances |
+-+--------------+----------+
+-+--------------+----------+

Report Cell Usage: 
+------+-------+------+
|      |Cell   |Count |
+------+-------+------+
|1     |BUFG   |     1|
|2     |CARRY4 |    16|
|3     |LUT3   |     1|
|4     |LUT4   |    15|
|5     |LUT5   |    10|
|6     |LUT6   |    12|
|7     |FDRE   |    75|
|8     |IBUF   |     6|
|9     |OBUF   |     1|
+------+-------+------+
---------------------------------------------------------------------------------
Finished Writing Synthesis Report : Time (s): cpu = 00:01:17 ; elapsed = 00:01:19 . Memory (MB): peak = 1042.875 ; gain = 0.000
---------------------------------------------------------------------------------
Synthesis finished with 0 errors, 0 critical warnings and 0 warnings.
Synthesis Optimization Runtime : Time (s): cpu = 00:00:59 ; elapsed = 00:01:14 . Memory (MB): peak = 1042.875 ; gain = 0.000
Synthesis Optimization Complete : Time (s): cpu = 00:01:17 ; elapsed = 00:01:19 . Memory (MB): peak = 1042.875 ; gain = 0.000
INFO: [Project 1-571] Translating synthesized netlist
Netlist sorting complete. Time (s): cpu = 00:00:00 ; elapsed = 00:00:00.004 . Memory (MB): peak = 1042.875 ; gain = 0.000
INFO: [Netlist 29-17] Analyzing 16 Unisim elements for replacement
INFO: [Netlist 29-28] Unisim Transformation completed in 0 CPU seconds
INFO: [Project 1-570] Preparing netlist for logic optimization
INFO: [Opt 31-138] Pushed 0 inverter(s) to 0 load pin(s).
Netlist sorting complete. Time (s): cpu = 00:00:00 ; elapsed = 00:00:00.001 . Memory (MB): peak = 1042.875 ; gain = 0.000
INFO: [Project 1-111] Unisim Transformation Summary:
No Unisim elements were transformed.

INFO: [Common 17-83] Releasing license: Synthesis
31 Infos, 0 Warnings, 0 Critical Warnings and 0 Errors encountered.
synth_design completed successfully
synth_design: Time (s): cpu = 00:01:31 ; elapsed = 00:01:34 . Memory (MB): peak = 1042.875 ; gain = 0.000
INFO: [Common 17-1381] The checkpoint 'C:/Users/davide_420/Esercizio3_2.0/Esercizio3_2.0.runs/synth_1/riconoscitore.dcp' has been generated.
INFO: [runtcl-4] Executing : report_utilization -file riconoscitore_utilization_synth.rpt -pb riconoscitore_utilization_synth.pb
INFO: [Common 17-206] Exiting Vivado at Thu Dec 16 12:26:47 2021...
